{"/home/runner/work/jasaweb/jasaweb/src/components/common/ErrorBoundary.tsx": {"path":"/home/runner/work/jasaweb/jasaweb/src/components/common/ErrorBoundary.tsx","statementMap":{"0":{"start":{"line":19,"column":26},"end":{"line":22,"column":null}},"1":{"start":{"line":26,"column":8},"end":{"line":26,"column":null}},"2":{"start":{"line":30,"column":8},"end":{"line":30,"column":null}},"3":{"start":{"line":34,"column":8},"end":{"line":55,"column":null}},"4":{"start":{"line":35,"column":12},"end":{"line":37,"column":null}},"5":{"start":{"line":36,"column":16},"end":{"line":36,"column":null}},"6":{"start":{"line":39,"column":12},"end":{"line":53,"column":null}},"7":{"start":{"line":57,"column":8},"end":{"line":57,"column":null}}},"fnMap":{"0":{"name":"(anonymous_0)","decl":{"start":{"line":24,"column":18},"end":{"line":24,"column":43}},"loc":{"start":{"line":24,"column":64},"end":{"line":27,"column":null}},"line":24},"1":{"name":"(anonymous_1)","decl":{"start":{"line":29,"column":11},"end":{"line":29,"column":29}},"loc":{"start":{"line":29,"column":65},"end":{"line":31,"column":null}},"line":29},"2":{"name":"(anonymous_2)","decl":{"start":{"line":33,"column":11},"end":{"line":33,"column":20}},"loc":{"start":{"line":33,"column":20},"end":{"line":58,"column":null}},"line":33}},"branchMap":{"0":{"loc":{"start":{"line":34,"column":8},"end":{"line":55,"column":null}},"type":"if","locations":[{"start":{"line":34,"column":8},"end":{"line":55,"column":null}},{"start":{},"end":{}}],"line":34},"1":{"loc":{"start":{"line":35,"column":12},"end":{"line":37,"column":null}},"type":"if","locations":[{"start":{"line":35,"column":12},"end":{"line":37,"column":null}},{"start":{},"end":{}}],"line":35},"2":{"loc":{"start":{"line":45,"column":21},"end":{"line":51,"column":null}},"type":"binary-expr","locations":[{"start":{"line":45,"column":21},"end":{"line":45,"column":null}},{"start":{"line":46,"column":24},"end":{"line":51,"column":null}}],"line":45}},"s":{"0":12,"1":14,"2":4,"3":0,"4":0,"5":0,"6":0,"7":0},"f":{"0":12,"1":4,"2":0},"b":{"0":[0,0],"1":[0,0],"2":[0,0]},"meta":{"lastBranch":3,"lastFunction":3,"lastStatement":8,"seen":{"s:19:26:22:Infinity":0,"f:24:18:24:43":0,"s:26:8:26:Infinity":1,"f:29:11:29:29":1,"s:30:8:30:Infinity":2,"f:33:11:33:20":2,"b:34:8:55:Infinity:undefined:undefined:undefined:undefined":0,"s:34:8:55:Infinity":3,"b:35:12:37:Infinity:undefined:undefined:undefined:undefined":1,"s:35:12:37:Infinity":4,"s:36:16:36:Infinity":5,"s:39:12:53:Infinity":6,"b:45:21:45:Infinity:46:24:51:Infinity":2,"s:57:8:57:Infinity":7}}}
,"/home/runner/work/jasaweb/jasaweb/src/lib/api.ts": {"path":"/home/runner/work/jasaweb/jasaweb/src/lib/api.ts","statementMap":{"0":{"start":{"line":16,"column":33},"end":{"line":19,"column":null}},"1":{"start":{"line":21,"column":4},"end":{"line":24,"column":null}},"2":{"start":{"line":31,"column":30},"end":{"line":34,"column":null}},"3":{"start":{"line":36,"column":4},"end":{"line":39,"column":null}},"4":{"start":{"line":46,"column":30},"end":{"line":49,"column":null}},"5":{"start":{"line":51,"column":4},"end":{"line":54,"column":null}},"6":{"start":{"line":66,"column":39},"end":{"line":75,"column":null}},"7":{"start":{"line":77,"column":4},"end":{"line":80,"column":null}},"8":{"start":{"line":94,"column":4},"end":{"line":98,"column":null}},"9":{"start":{"line":95,"column":8},"end":{"line":97,"column":null}},"10":{"start":{"line":96,"column":12},"end":{"line":96,"column":null}},"11":{"start":{"line":99,"column":4},"end":{"line":99,"column":null}},"12":{"start":{"line":106,"column":23},"end":{"line":106,"column":null}},"13":{"start":{"line":107,"column":4},"end":{"line":107,"column":null}},"14":{"start":{"line":114,"column":23},"end":{"line":114,"column":null}},"15":{"start":{"line":115,"column":4},"end":{"line":115,"column":null}},"16":{"start":{"line":122,"column":4},"end":{"line":126,"column":null}},"17":{"start":{"line":123,"column":8},"end":{"line":123,"column":null}},"18":{"start":{"line":125,"column":8},"end":{"line":125,"column":null}},"19":{"start":{"line":137,"column":4},"end":{"line":137,"column":null}},"20":{"start":{"line":139,"column":4},"end":{"line":142,"column":null}},"21":{"start":{"line":141,"column":8},"end":{"line":141,"column":null}},"22":{"start":{"line":144,"column":4},"end":{"line":144,"column":null}}},"fnMap":{"0":{"name":"jsonResponse","decl":{"start":{"line":15,"column":16},"end":{"line":15,"column":32}},"loc":{"start":{"line":15,"column":65},"end":{"line":25,"column":null}},"line":15},"1":{"name":"successResponse","decl":{"start":{"line":30,"column":16},"end":{"line":30,"column":32}},"loc":{"start":{"line":30,"column":73},"end":{"line":40,"column":null}},"line":30},"2":{"name":"errorResponse","decl":{"start":{"line":45,"column":16},"end":{"line":45,"column":30}},"loc":{"start":{"line":45,"column":69},"end":{"line":55,"column":null}},"line":45},"3":{"name":"paginatedResponse","decl":{"start":{"line":60,"column":16},"end":{"line":60,"column":null}},"loc":{"start":{"line":65,"column":12},"end":{"line":81,"column":null}},"line":65},"4":{"name":"validateRequired","decl":{"start":{"line":90,"column":16},"end":{"line":90,"column":null}},"loc":{"start":{"line":93,"column":17},"end":{"line":100,"column":null}},"line":93},"5":{"name":"isValidEmail","decl":{"start":{"line":105,"column":16},"end":{"line":105,"column":29}},"loc":{"start":{"line":105,"column":53},"end":{"line":108,"column":null}},"line":105},"6":{"name":"isValidPhone","decl":{"start":{"line":113,"column":16},"end":{"line":113,"column":29}},"loc":{"start":{"line":113,"column":53},"end":{"line":116,"column":null}},"line":113},"7":{"name":"parseBody","decl":{"start":{"line":121,"column":22},"end":{"line":121,"column":61}},"loc":{"start":{"line":121,"column":98},"end":{"line":127,"column":null}},"line":121},"8":{"name":"handleApiError","decl":{"start":{"line":136,"column":16},"end":{"line":136,"column":31}},"loc":{"start":{"line":136,"column":57},"end":{"line":145,"column":null}},"line":136}},"branchMap":{"0":{"loc":{"start":{"line":15,"column":41},"end":{"line":15,"column":65}},"type":"default-arg","locations":[{"start":{"line":15,"column":50},"end":{"line":15,"column":65}}],"line":15},"1":{"loc":{"start":{"line":30,"column":49},"end":{"line":30,"column":73}},"type":"default-arg","locations":[{"start":{"line":30,"column":58},"end":{"line":30,"column":73}}],"line":30},"2":{"loc":{"start":{"line":45,"column":45},"end":{"line":45,"column":69}},"type":"default-arg","locations":[{"start":{"line":45,"column":54},"end":{"line":45,"column":69}}],"line":45},"3":{"loc":{"start":{"line":95,"column":8},"end":{"line":97,"column":null}},"type":"if","locations":[{"start":{"line":95,"column":8},"end":{"line":97,"column":null}},{"start":{},"end":{}}],"line":95},"4":{"loc":{"start":{"line":139,"column":4},"end":{"line":142,"column":null}},"type":"if","locations":[{"start":{"line":139,"column":4},"end":{"line":142,"column":null}},{"start":{},"end":{}}],"line":139}},"s":{"0":8,"1":8,"2":0,"3":0,"4":18,"5":18,"6":0,"7":0,"8":5,"9":10,"10":1,"11":4,"12":5,"13":5,"14":5,"15":5,"16":12,"17":12,"18":0,"19":0,"20":0,"21":0,"22":0},"f":{"0":8,"1":0,"2":18,"3":0,"4":5,"5":5,"6":5,"7":12,"8":0},"b":{"0":[8],"1":[0],"2":[18],"3":[1,9],"4":[0,0]},"meta":{"lastBranch":5,"lastFunction":9,"lastStatement":23,"seen":{"f:15:16:15:32":0,"b:15:50:15:65":0,"s:16:33:19:Infinity":0,"s:21:4:24:Infinity":1,"f:30:16:30:32":1,"b:30:58:30:73":1,"s:31:30:34:Infinity":2,"s:36:4:39:Infinity":3,"f:45:16:45:30":2,"b:45:54:45:69":2,"s:46:30:49:Infinity":4,"s:51:4:54:Infinity":5,"f:60:16:60:Infinity":3,"s:66:39:75:Infinity":6,"s:77:4:80:Infinity":7,"f:90:16:90:Infinity":4,"s:94:4:98:Infinity":8,"b:95:8:97:Infinity:undefined:undefined:undefined:undefined":3,"s:95:8:97:Infinity":9,"s:96:12:96:Infinity":10,"s:99:4:99:Infinity":11,"f:105:16:105:29":5,"s:106:23:106:Infinity":12,"s:107:4:107:Infinity":13,"f:113:16:113:29":6,"s:114:23:114:Infinity":14,"s:115:4:115:Infinity":15,"f:121:22:121:61":7,"s:122:4:126:Infinity":16,"s:123:8:123:Infinity":17,"s:125:8:125:Infinity":18,"f:136:16:136:31":8,"s:137:4:137:Infinity":19,"b:139:4:142:Infinity:undefined:undefined:undefined:undefined":4,"s:139:4:142:Infinity":20,"s:141:8:141:Infinity":21,"s:144:4:144:Infinity":22}}}
,"/home/runner/work/jasaweb/jasaweb/src/lib/audit-middleware.ts": {"path":"/home/runner/work/jasaweb/jasaweb/src/lib/audit-middleware.ts","statementMap":{"0":{"start":{"line":15,"column":2},"end":{"line":66,"column":null}},"1":{"start":{"line":21,"column":32},"end":{"line":21,"column":null}},"2":{"start":{"line":22,"column":17},"end":{"line":22,"column":null}},"3":{"start":{"line":25,"column":4},"end":{"line":27,"column":null}},"4":{"start":{"line":26,"column":6},"end":{"line":26,"column":null}},"5":{"start":{"line":29,"column":4},"end":{"line":65,"column":null}},"6":{"start":{"line":30,"column":23},"end":{"line":30,"column":null}},"7":{"start":{"line":33,"column":6},"end":{"line":59,"column":null}},"8":{"start":{"line":34,"column":14},"end":{"line":34,"column":null}},"9":{"start":{"line":38,"column":8},"end":{"line":42,"column":null}},"10":{"start":{"line":39,"column":22},"end":{"line":39,"column":null}},"11":{"start":{"line":40,"column":28},"end":{"line":40,"column":null}},"12":{"start":{"line":41,"column":10},"end":{"line":41,"column":null}},"13":{"start":{"line":45,"column":39},"end":{"line":50,"column":null}},"14":{"start":{"line":52,"column":8},"end":{"line":56,"column":null}},"15":{"start":{"line":54,"column":10},"end":{"line":54,"column":null}},"16":{"start":{"line":55,"column":10},"end":{"line":55,"column":null}},"17":{"start":{"line":58,"column":8},"end":{"line":58,"column":null}},"18":{"start":{"line":61,"column":6},"end":{"line":61,"column":null}},"19":{"start":{"line":63,"column":6},"end":{"line":63,"column":null}},"20":{"start":{"line":64,"column":6},"end":{"line":64,"column":null}},"21":{"start":{"line":76,"column":17},"end":{"line":76,"column":null}},"22":{"start":{"line":77,"column":4},"end":{"line":84,"column":null}},"23":{"start":{"line":78,"column":12},"end":{"line":78,"column":null}},"24":{"start":{"line":79,"column":6},"end":{"line":83,"column":null}},"25":{"start":{"line":94,"column":17},"end":{"line":94,"column":null}},"26":{"start":{"line":95,"column":4},"end":{"line":101,"column":null}},"27":{"start":{"line":96,"column":12},"end":{"line":96,"column":null}},"28":{"start":{"line":97,"column":6},"end":{"line":100,"column":null}},"29":{"start":{"line":110,"column":17},"end":{"line":110,"column":null}},"30":{"start":{"line":111,"column":4},"end":{"line":121,"column":null}},"31":{"start":{"line":112,"column":12},"end":{"line":112,"column":null}},"32":{"start":{"line":113,"column":6},"end":{"line":120,"column":null}}},"fnMap":{"0":{"name":"withAudit","decl":{"start":{"line":12,"column":16},"end":{"line":12,"column":null}},"loc":{"start":{"line":14,"column":2},"end":{"line":67,"column":null}},"line":14},"1":{"name":"(anonymous_1)","decl":{"start":{"line":15,"column":9},"end":{"line":15,"column":null}},"loc":{"start":{"line":20,"column":26},"end":{"line":66,"column":null}},"line":20},"2":{"name":"(anonymous_2)","decl":{"start":{"line":75,"column":15},"end":{"line":75,"column":23}},"loc":{"start":{"line":75,"column":98},"end":{"line":85,"column":null}},"line":75},"3":{"name":"(anonymous_3)","decl":{"start":{"line":87,"column":15},"end":{"line":87,"column":30}},"loc":{"start":{"line":93,"column":5},"end":{"line":102,"column":null}},"line":93},"4":{"name":"(anonymous_4)","decl":{"start":{"line":104,"column":15},"end":{"line":104,"column":26}},"loc":{"start":{"line":109,"column":5},"end":{"line":122,"column":null}},"line":109}},"branchMap":{"0":{"loc":{"start":{"line":25,"column":4},"end":{"line":27,"column":null}},"type":"if","locations":[{"start":{"line":25,"column":4},"end":{"line":27,"column":null}},{"start":{},"end":{}}],"line":25},"1":{"loc":{"start":{"line":25,"column":8},"end":{"line":25,"column":40}},"type":"binary-expr","locations":[{"start":{"line":25,"column":8},"end":{"line":25,"column":17}},{"start":{"line":25,"column":17},"end":{"line":25,"column":40}}],"line":25},"2":{"loc":{"start":{"line":33,"column":6},"end":{"line":59,"column":null}},"type":"if","locations":[{"start":{"line":33,"column":6},"end":{"line":59,"column":null}},{"start":{},"end":{}}],"line":33},"3":{"loc":{"start":{"line":38,"column":8},"end":{"line":42,"column":null}},"type":"if","locations":[{"start":{"line":38,"column":8},"end":{"line":42,"column":null}},{"start":{},"end":{}}],"line":38},"4":{"loc":{"start":{"line":52,"column":8},"end":{"line":56,"column":null}},"type":"if","locations":[{"start":{"line":52,"column":8},"end":{"line":56,"column":null}},{"start":{},"end":{}}],"line":52},"5":{"loc":{"start":{"line":52,"column":12},"end":{"line":52,"column":61}},"type":"binary-expr","locations":[{"start":{"line":52,"column":12},"end":{"line":52,"column":34}},{"start":{"line":52,"column":34},"end":{"line":52,"column":49}},{"start":{"line":52,"column":49},"end":{"line":52,"column":61}}],"line":52},"6":{"loc":{"start":{"line":77,"column":4},"end":{"line":84,"column":null}},"type":"if","locations":[{"start":{"line":77,"column":4},"end":{"line":84,"column":null}},{"start":{},"end":{}}],"line":77},"7":{"loc":{"start":{"line":95,"column":4},"end":{"line":101,"column":null}},"type":"if","locations":[{"start":{"line":95,"column":4},"end":{"line":101,"column":null}},{"start":{},"end":{}}],"line":95},"8":{"loc":{"start":{"line":111,"column":4},"end":{"line":121,"column":null}},"type":"if","locations":[{"start":{"line":111,"column":4},"end":{"line":121,"column":null}},{"start":{},"end":{}}],"line":111}},"s":{"0":0,"1":0,"2":0,"3":0,"4":0,"5":0,"6":0,"7":0,"8":0,"9":0,"10":0,"11":0,"12":0,"13":0,"14":0,"15":0,"16":0,"17":0,"18":0,"19":0,"20":0,"21":0,"22":0,"23":0,"24":0,"25":0,"26":0,"27":0,"28":0,"29":0,"30":0,"31":0,"32":0},"f":{"0":0,"1":0,"2":1,"3":1,"4":1},"b":{"0":[0,0],"1":[0,0],"2":[0,0],"3":[0,0],"4":[0,0],"5":[0,0,0],"6":[0,0],"7":[0,0],"8":[0,0]},"meta":{"lastBranch":9,"lastFunction":5,"lastStatement":33,"seen":{"f:12:16:12:Infinity":0,"s:15:2:66:Infinity":0,"f:15:9:15:Infinity":1,"s:21:32:21:Infinity":1,"s:22:17:22:Infinity":2,"b:25:4:27:Infinity:undefined:undefined:undefined:undefined":0,"s:25:4:27:Infinity":3,"b:25:8:25:17:25:17:25:40":1,"s:26:6:26:Infinity":4,"s:29:4:65:Infinity":5,"s:30:23:30:Infinity":6,"b:33:6:59:Infinity:undefined:undefined:undefined:undefined":2,"s:33:6:59:Infinity":7,"s:34:14:34:Infinity":8,"b:38:8:42:Infinity:undefined:undefined:undefined:undefined":3,"s:38:8:42:Infinity":9,"s:39:22:39:Infinity":10,"s:40:28:40:Infinity":11,"s:41:10:41:Infinity":12,"s:45:39:50:Infinity":13,"b:52:8:56:Infinity:undefined:undefined:undefined:undefined":4,"s:52:8:56:Infinity":14,"b:52:12:52:34:52:34:52:49:52:49:52:61":5,"s:54:10:54:Infinity":15,"s:55:10:55:Infinity":16,"s:58:8:58:Infinity":17,"s:61:6:61:Infinity":18,"s:63:6:63:Infinity":19,"s:64:6:64:Infinity":20,"f:75:15:75:23":2,"s:76:17:76:Infinity":21,"b:77:4:84:Infinity:undefined:undefined:undefined:undefined":6,"s:77:4:84:Infinity":22,"s:78:12:78:Infinity":23,"s:79:6:83:Infinity":24,"f:87:15:87:30":3,"s:94:17:94:Infinity":25,"b:95:4:101:Infinity:undefined:undefined:undefined:undefined":7,"s:95:4:101:Infinity":26,"s:96:12:96:Infinity":27,"s:97:6:100:Infinity":28,"f:104:15:104:26":4,"s:110:17:110:Infinity":29,"b:111:4:121:Infinity:undefined:undefined:undefined:undefined":8,"s:111:4:121:Infinity":30,"s:112:12:112:Infinity":31,"s:113:6:120:Infinity":32}}}
,"/home/runner/work/jasaweb/jasaweb/src/lib/audit.ts": {"path":"/home/runner/work/jasaweb/jasaweb/src/lib/audit.ts","statementMap":{"0":{"start":{"line":34,"column":4},"end":{"line":34,"column":null}},"1":{"start":{"line":38,"column":4},"end":{"line":57,"column":null}},"2":{"start":{"line":39,"column":23},"end":{"line":44,"column":null}},"3":{"start":{"line":46,"column":6},"end":{"line":46,"column":null}},"4":{"start":{"line":46,"column":25},"end":{"line":46,"column":null}},"5":{"start":{"line":47,"column":6},"end":{"line":47,"column":null}},"6":{"start":{"line":47,"column":29},"end":{"line":47,"column":null}},"7":{"start":{"line":48,"column":6},"end":{"line":48,"column":null}},"8":{"start":{"line":48,"column":28},"end":{"line":48,"column":null}},"9":{"start":{"line":49,"column":6},"end":{"line":49,"column":null}},"10":{"start":{"line":49,"column":28},"end":{"line":49,"column":null}},"11":{"start":{"line":51,"column":6},"end":{"line":53,"column":null}},"12":{"start":{"line":55,"column":6},"end":{"line":55,"column":null}},"13":{"start":{"line":64,"column":21},"end":{"line":66,"column":null}},"14":{"start":{"line":67,"column":22},"end":{"line":67,"column":null}},"15":{"start":{"line":69,"column":4},"end":{"line":73,"column":null}},"16":{"start":{"line":95,"column":8},"end":{"line":95,"column":null}},"17":{"start":{"line":97,"column":43},"end":{"line":97,"column":null}},"18":{"start":{"line":99,"column":4},"end":{"line":99,"column":null}},"19":{"start":{"line":99,"column":16},"end":{"line":99,"column":null}},"20":{"start":{"line":100,"column":4},"end":{"line":100,"column":null}},"21":{"start":{"line":100,"column":16},"end":{"line":100,"column":null}},"22":{"start":{"line":101,"column":4},"end":{"line":101,"column":null}},"23":{"start":{"line":101,"column":18},"end":{"line":101,"column":null}},"24":{"start":{"line":102,"column":4},"end":{"line":102,"column":null}},"25":{"start":{"line":102,"column":20},"end":{"line":102,"column":null}},"26":{"start":{"line":103,"column":4},"end":{"line":107,"column":null}},"27":{"start":{"line":104,"column":7},"end":{"line":104,"column":null}},"28":{"start":{"line":105,"column":6},"end":{"line":105,"column":null}},"29":{"start":{"line":105,"column":22},"end":{"line":105,"column":null}},"30":{"start":{"line":106,"column":6},"end":{"line":106,"column":null}},"31":{"start":{"line":106,"column":20},"end":{"line":106,"column":null}},"32":{"start":{"line":109,"column":26},"end":{"line":117,"column":null}},"33":{"start":{"line":119,"column":4},"end":{"line":133,"column":null}},"34":{"start":{"line":120,"column":29},"end":{"line":124,"column":8}},"35":{"start":{"line":137,"column":16},"end":{"line":139,"column":null}},"36":{"start":{"line":141,"column":4},"end":{"line":141,"column":null}},"37":{"start":{"line":141,"column":14},"end":{"line":141,"column":null}},"38":{"start":{"line":143,"column":4},"end":{"line":147,"column":null}},"39":{"start":{"line":152,"column":2},"end":{"line":152,"column":null}}},"fnMap":{"0":{"name":"(anonymous_0)","decl":{"start":{"line":33,"column":2},"end":{"line":33,"column":14}},"loc":{"start":{"line":33,"column":32},"end":{"line":35,"column":null}},"line":33},"1":{"name":"(anonymous_1)","decl":{"start":{"line":37,"column":8},"end":{"line":37,"column":12}},"loc":{"start":{"line":37,"column":49},"end":{"line":58,"column":null}},"line":37},"2":{"name":"(anonymous_2)","decl":{"start":{"line":60,"column":8},"end":{"line":60,"column":null}},"loc":{"start":{"line":63,"column":19},"end":{"line":74,"column":null}},"line":63},"3":{"name":"(anonymous_3)","decl":{"start":{"line":76,"column":8},"end":{"line":76,"column":21}},"loc":{"start":{"line":85,"column":5},"end":{"line":134,"column":null}},"line":85},"4":{"name":"(anonymous_4)","decl":{"start":{"line":120,"column":21},"end":{"line":120,"column":29}},"loc":{"start":{"line":120,"column":29},"end":{"line":124,"column":8}},"line":120},"5":{"name":"(anonymous_5)","decl":{"start":{"line":136,"column":8},"end":{"line":136,"column":24}},"loc":{"start":{"line":136,"column":36},"end":{"line":148,"column":null}},"line":136},"6":{"name":"createAuditService","decl":{"start":{"line":151,"column":16},"end":{"line":151,"column":35}},"loc":{"start":{"line":151,"column":67},"end":{"line":153,"column":null}},"line":151}},"branchMap":{"0":{"loc":{"start":{"line":42,"column":19},"end":{"line":42,"column":null}},"type":"binary-expr","locations":[{"start":{"line":42,"column":19},"end":{"line":42,"column":38}},{"start":{"line":42,"column":38},"end":{"line":42,"column":null}}],"line":42},"1":{"loc":{"start":{"line":43,"column":19},"end":{"line":43,"column":null}},"type":"binary-expr","locations":[{"start":{"line":43,"column":19},"end":{"line":43,"column":38}},{"start":{"line":43,"column":38},"end":{"line":43,"column":null}}],"line":43},"2":{"loc":{"start":{"line":46,"column":6},"end":{"line":46,"column":null}},"type":"if","locations":[{"start":{"line":46,"column":6},"end":{"line":46,"column":null}},{"start":{},"end":{}}],"line":46},"3":{"loc":{"start":{"line":47,"column":6},"end":{"line":47,"column":null}},"type":"if","locations":[{"start":{"line":47,"column":6},"end":{"line":47,"column":null}},{"start":{},"end":{}}],"line":47},"4":{"loc":{"start":{"line":48,"column":6},"end":{"line":48,"column":null}},"type":"if","locations":[{"start":{"line":48,"column":6},"end":{"line":48,"column":null}},{"start":{},"end":{}}],"line":48},"5":{"loc":{"start":{"line":49,"column":6},"end":{"line":49,"column":null}},"type":"if","locations":[{"start":{"line":49,"column":6},"end":{"line":49,"column":null}},{"start":{},"end":{}}],"line":49},"6":{"loc":{"start":{"line":64,"column":21},"end":{"line":66,"column":null}},"type":"binary-expr","locations":[{"start":{"line":64,"column":21},"end":{"line":64,"column":null}},{"start":{"line":65,"column":20},"end":{"line":65,"column":null}},{"start":{"line":66,"column":20},"end":{"line":66,"column":null}}],"line":64},"7":{"loc":{"start":{"line":67,"column":22},"end":{"line":67,"column":null}},"type":"binary-expr","locations":[{"start":{"line":67,"column":22},"end":{"line":67,"column":59}},{"start":{"line":67,"column":59},"end":{"line":67,"column":null}}],"line":67},"8":{"loc":{"start":{"line":93,"column":6},"end":{"line":93,"column":null}},"type":"default-arg","locations":[{"start":{"line":93,"column":13},"end":{"line":93,"column":null}}],"line":93},"9":{"loc":{"start":{"line":94,"column":6},"end":{"line":94,"column":null}},"type":"default-arg","locations":[{"start":{"line":94,"column":14},"end":{"line":94,"column":null}}],"line":94},"10":{"loc":{"start":{"line":99,"column":4},"end":{"line":99,"column":null}},"type":"if","locations":[{"start":{"line":99,"column":4},"end":{"line":99,"column":null}},{"start":{},"end":{}}],"line":99},"11":{"loc":{"start":{"line":100,"column":4},"end":{"line":100,"column":null}},"type":"if","locations":[{"start":{"line":100,"column":4},"end":{"line":100,"column":null}},{"start":{},"end":{}}],"line":100},"12":{"loc":{"start":{"line":101,"column":4},"end":{"line":101,"column":null}},"type":"if","locations":[{"start":{"line":101,"column":4},"end":{"line":101,"column":null}},{"start":{},"end":{}}],"line":101},"13":{"loc":{"start":{"line":102,"column":4},"end":{"line":102,"column":null}},"type":"if","locations":[{"start":{"line":102,"column":4},"end":{"line":102,"column":null}},{"start":{},"end":{}}],"line":102},"14":{"loc":{"start":{"line":103,"column":4},"end":{"line":107,"column":null}},"type":"if","locations":[{"start":{"line":103,"column":4},"end":{"line":107,"column":null}},{"start":{},"end":{}}],"line":103},"15":{"loc":{"start":{"line":103,"column":8},"end":{"line":103,"column":30}},"type":"binary-expr","locations":[{"start":{"line":103,"column":8},"end":{"line":103,"column":21}},{"start":{"line":103,"column":21},"end":{"line":103,"column":30}}],"line":103},"16":{"loc":{"start":{"line":105,"column":6},"end":{"line":105,"column":null}},"type":"if","locations":[{"start":{"line":105,"column":6},"end":{"line":105,"column":null}},{"start":{},"end":{}}],"line":105},"17":{"loc":{"start":{"line":106,"column":6},"end":{"line":106,"column":null}},"type":"if","locations":[{"start":{"line":106,"column":6},"end":{"line":106,"column":null}},{"start":{},"end":{}}],"line":106},"18":{"loc":{"start":{"line":122,"column":19},"end":{"line":122,"column":null}},"type":"cond-expr","locations":[{"start":{"line":122,"column":36},"end":{"line":122,"column":117}},{"start":{"line":122,"column":117},"end":{"line":122,"column":null}}],"line":122},"19":{"loc":{"start":{"line":122,"column":36},"end":{"line":122,"column":117}},"type":"cond-expr","locations":[{"start":{"line":122,"column":72},"end":{"line":122,"column":100}},{"start":{"line":122,"column":100},"end":{"line":122,"column":117}}],"line":122},"20":{"loc":{"start":{"line":123,"column":19},"end":{"line":123,"column":null}},"type":"cond-expr","locations":[{"start":{"line":123,"column":36},"end":{"line":123,"column":117}},{"start":{"line":123,"column":117},"end":{"line":123,"column":null}}],"line":123},"21":{"loc":{"start":{"line":123,"column":36},"end":{"line":123,"column":117}},"type":"cond-expr","locations":[{"start":{"line":123,"column":72},"end":{"line":123,"column":100}},{"start":{"line":123,"column":100},"end":{"line":123,"column":117}}],"line":123},"22":{"loc":{"start":{"line":141,"column":4},"end":{"line":141,"column":null}},"type":"if","locations":[{"start":{"line":141,"column":4},"end":{"line":141,"column":null}},{"start":{},"end":{}}],"line":141},"23":{"loc":{"start":{"line":145,"column":17},"end":{"line":145,"column":null}},"type":"cond-expr","locations":[{"start":{"line":145,"column":34},"end":{"line":145,"column":115}},{"start":{"line":145,"column":115},"end":{"line":145,"column":null}}],"line":145},"24":{"loc":{"start":{"line":145,"column":34},"end":{"line":145,"column":115}},"type":"cond-expr","locations":[{"start":{"line":145,"column":70},"end":{"line":145,"column":98}},{"start":{"line":145,"column":98},"end":{"line":145,"column":115}}],"line":145},"25":{"loc":{"start":{"line":146,"column":17},"end":{"line":146,"column":null}},"type":"cond-expr","locations":[{"start":{"line":146,"column":34},"end":{"line":146,"column":115}},{"start":{"line":146,"column":115},"end":{"line":146,"column":null}}],"line":146},"26":{"loc":{"start":{"line":146,"column":34},"end":{"line":146,"column":115}},"type":"cond-expr","locations":[{"start":{"line":146,"column":70},"end":{"line":146,"column":98}},{"start":{"line":146,"column":98},"end":{"line":146,"column":115}}],"line":146}},"s":{"0":8,"1":4,"2":4,"3":4,"4":2,"5":4,"6":1,"7":4,"8":0,"9":4,"10":1,"11":4,"12":1,"13":2,"14":2,"15":2,"16":2,"17":2,"18":2,"19":1,"20":2,"21":1,"22":2,"23":0,"24":2,"25":0,"26":2,"27":1,"28":1,"29":1,"30":1,"31":1,"32":2,"33":2,"34":1,"35":2,"36":2,"37":1,"38":1,"39":0},"f":{"0":8,"1":4,"2":2,"3":2,"4":1,"5":2,"6":0},"b":{"0":[4,2],"1":[4,2],"2":[2,2],"3":[1,3],"4":[0,4],"5":[1,3],"6":[2,1,1],"7":[2,1],"8":[2],"9":[2],"10":[1,1],"11":[1,1],"12":[0,2],"13":[0,2],"14":[1,1],"15":[2,1],"16":[1,0],"17":[1,0],"18":[0,1],"19":[0,0],"20":[1,0],"21":[1,0],"22":[1,1],"23":[1,0],"24":[1,0],"25":[1,0],"26":[1,0]},"meta":{"lastBranch":27,"lastFunction":7,"lastStatement":40,"seen":{"f:33:2:33:14":0,"s:34:4:34:Infinity":0,"f:37:8:37:12":1,"s:38:4:57:Infinity":1,"s:39:23:44:Infinity":2,"b:42:19:42:38:42:38:42:Infinity":0,"b:43:19:43:38:43:38:43:Infinity":1,"b:46:6:46:Infinity:undefined:undefined:undefined:undefined":2,"s:46:6:46:Infinity":3,"s:46:25:46:Infinity":4,"b:47:6:47:Infinity:undefined:undefined:undefined:undefined":3,"s:47:6:47:Infinity":5,"s:47:29:47:Infinity":6,"b:48:6:48:Infinity:undefined:undefined:undefined:undefined":4,"s:48:6:48:Infinity":7,"s:48:28:48:Infinity":8,"b:49:6:49:Infinity:undefined:undefined:undefined:undefined":5,"s:49:6:49:Infinity":9,"s:49:28:49:Infinity":10,"s:51:6:53:Infinity":11,"s:55:6:55:Infinity":12,"f:60:8:60:Infinity":2,"s:64:21:66:Infinity":13,"b:64:21:64:Infinity:65:20:65:Infinity:66:20:66:Infinity":6,"s:67:22:67:Infinity":14,"b:67:22:67:59:67:59:67:Infinity":7,"s:69:4:73:Infinity":15,"f:76:8:76:21":3,"s:95:8:95:Infinity":16,"b:93:13:93:Infinity":8,"b:94:14:94:Infinity":9,"s:97:43:97:Infinity":17,"b:99:4:99:Infinity:undefined:undefined:undefined:undefined":10,"s:99:4:99:Infinity":18,"s:99:16:99:Infinity":19,"b:100:4:100:Infinity:undefined:undefined:undefined:undefined":11,"s:100:4:100:Infinity":20,"s:100:16:100:Infinity":21,"b:101:4:101:Infinity:undefined:undefined:undefined:undefined":12,"s:101:4:101:Infinity":22,"s:101:18:101:Infinity":23,"b:102:4:102:Infinity:undefined:undefined:undefined:undefined":13,"s:102:4:102:Infinity":24,"s:102:20:102:Infinity":25,"b:103:4:107:Infinity:undefined:undefined:undefined:undefined":14,"s:103:4:107:Infinity":26,"b:103:8:103:21:103:21:103:30":15,"s:104:7:104:Infinity":27,"b:105:6:105:Infinity:undefined:undefined:undefined:undefined":16,"s:105:6:105:Infinity":28,"s:105:22:105:Infinity":29,"b:106:6:106:Infinity:undefined:undefined:undefined:undefined":17,"s:106:6:106:Infinity":30,"s:106:20:106:Infinity":31,"s:109:26:117:Infinity":32,"s:119:4:133:Infinity":33,"f:120:21:120:29":4,"s:120:29:124:8":34,"b:122:36:122:117:122:117:122:Infinity":18,"b:122:72:122:100:122:100:122:117":19,"b:123:36:123:117:123:117:123:Infinity":20,"b:123:72:123:100:123:100:123:117":21,"f:136:8:136:24":5,"s:137:16:139:Infinity":35,"b:141:4:141:Infinity:undefined:undefined:undefined:undefined":22,"s:141:4:141:Infinity":36,"s:141:14:141:Infinity":37,"s:143:4:147:Infinity":38,"b:145:34:145:115:145:115:145:Infinity":23,"b:145:70:145:98:145:98:145:115":24,"b:146:34:146:115:146:115:146:Infinity":25,"b:146:70:146:98:146:98:146:115":26,"f:151:16:151:35":6,"s:152:2:152:Infinity":39}}}
,"/home/runner/work/jasaweb/jasaweb/src/lib/auth.ts": {"path":"/home/runner/work/jasaweb/jasaweb/src/lib/auth.ts","statementMap":{"0":{"start":{"line":8,"column":20},"end":{"line":8,"column":null}},"1":{"start":{"line":9,"column":19},"end":{"line":9,"column":null}},"2":{"start":{"line":22,"column":4},"end":{"line":22,"column":null}},"3":{"start":{"line":32,"column":4},"end":{"line":32,"column":null}},"4":{"start":{"line":42,"column":22},"end":{"line":42,"column":null}},"5":{"start":{"line":44,"column":4},"end":{"line":48,"column":null}},"6":{"start":{"line":58,"column":4},"end":{"line":70,"column":null}},"7":{"start":{"line":59,"column":26},"end":{"line":59,"column":null}},"8":{"start":{"line":60,"column":28},"end":{"line":60,"column":null}},"9":{"start":{"line":62,"column":8},"end":{"line":67,"column":null}},"10":{"start":{"line":69,"column":8},"end":{"line":69,"column":null}},"11":{"start":{"line":77,"column":4},"end":{"line":79,"column":null}},"12":{"start":{"line":78,"column":8},"end":{"line":78,"column":null}},"13":{"start":{"line":80,"column":4},"end":{"line":80,"column":null}},"14":{"start":{"line":86,"column":27},"end":{"line":86,"column":null}},"15":{"start":{"line":91,"column":27},"end":{"line":91,"column":null}},"16":{"start":{"line":97,"column":4},"end":{"line":103,"column":null}},"17":{"start":{"line":110,"column":4},"end":{"line":116,"column":null}},"18":{"start":{"line":123,"column":18},"end":{"line":123,"column":null}},"19":{"start":{"line":124,"column":4},"end":{"line":124,"column":null}},"20":{"start":{"line":125,"column":4},"end":{"line":125,"column":null}},"21":{"start":{"line":125,"column":37},"end":{"line":125,"column":71}},"22":{"start":{"line":132,"column":4},"end":{"line":134,"column":null}},"23":{"start":{"line":133,"column":8},"end":{"line":133,"column":null}},"24":{"start":{"line":135,"column":4},"end":{"line":135,"column":null}}},"fnMap":{"0":{"name":"hashPassword","decl":{"start":{"line":21,"column":22},"end":{"line":21,"column":35}},"loc":{"start":{"line":21,"column":70},"end":{"line":23,"column":null}},"line":21},"1":{"name":"verifyPassword","decl":{"start":{"line":28,"column":22},"end":{"line":28,"column":null}},"loc":{"start":{"line":31,"column":20},"end":{"line":33,"column":null}},"line":31},"2":{"name":"generateToken","decl":{"start":{"line":38,"column":22},"end":{"line":38,"column":null}},"loc":{"start":{"line":41,"column":19},"end":{"line":49,"column":null}},"line":41},"3":{"name":"verifyToken","decl":{"start":{"line":54,"column":22},"end":{"line":54,"column":null}},"loc":{"start":{"line":57,"column":30},"end":{"line":71,"column":null}},"line":57},"4":{"name":"extractBearerToken","decl":{"start":{"line":76,"column":16},"end":{"line":76,"column":35}},"loc":{"start":{"line":76,"column":73},"end":{"line":81,"column":null}},"line":76},"5":{"name":"getAuthCookieOptions","decl":{"start":{"line":96,"column":16},"end":{"line":96,"column":37}},"loc":{"start":{"line":96,"column":60},"end":{"line":104,"column":null}},"line":96},"6":{"name":"getCsrfCookieOptions","decl":{"start":{"line":109,"column":16},"end":{"line":109,"column":37}},"loc":{"start":{"line":109,"column":60},"end":{"line":117,"column":null}},"line":109},"7":{"name":"generateCsrfToken","decl":{"start":{"line":122,"column":16},"end":{"line":122,"column":44}},"loc":{"start":{"line":122,"column":44},"end":{"line":126,"column":null}},"line":122},"8":{"name":"(anonymous_8)","decl":{"start":{"line":125,"column":29},"end":{"line":125,"column":37}},"loc":{"start":{"line":125,"column":37},"end":{"line":125,"column":71}},"line":125},"9":{"name":"validateCsrfToken","decl":{"start":{"line":131,"column":16},"end":{"line":131,"column":34}},"loc":{"start":{"line":131,"column":99},"end":{"line":136,"column":null}},"line":131}},"branchMap":{"0":{"loc":{"start":{"line":77,"column":4},"end":{"line":79,"column":null}},"type":"if","locations":[{"start":{"line":77,"column":4},"end":{"line":79,"column":null}},{"start":{},"end":{}}],"line":77},"1":{"loc":{"start":{"line":132,"column":4},"end":{"line":134,"column":null}},"type":"if","locations":[{"start":{"line":132,"column":4},"end":{"line":134,"column":null}},{"start":{},"end":{}}],"line":132},"2":{"loc":{"start":{"line":132,"column":8},"end":{"line":132,"column":38}},"type":"binary-expr","locations":[{"start":{"line":132,"column":8},"end":{"line":132,"column":24}},{"start":{"line":132,"column":24},"end":{"line":132,"column":38}}],"line":132}},"s":{"0":3,"1":3,"2":2,"3":2,"4":2,"5":2,"6":3,"7":3,"8":3,"9":1,"10":2,"11":4,"12":2,"13":2,"14":3,"15":3,"16":2,"17":0,"18":8,"19":8,"20":8,"21":256,"22":8,"23":6,"24":2},"f":{"0":2,"1":2,"2":2,"3":3,"4":4,"5":2,"6":0,"7":8,"8":256,"9":8},"b":{"0":[2,2],"1":[6,2],"2":[8,4]},"meta":{"lastBranch":3,"lastFunction":10,"lastStatement":25,"seen":{"s:8:20:8:Infinity":0,"s:9:19:9:Infinity":1,"f:21:22:21:35":0,"s:22:4:22:Infinity":2,"f:28:22:28:Infinity":1,"s:32:4:32:Infinity":3,"f:38:22:38:Infinity":2,"s:42:22:42:Infinity":4,"s:44:4:48:Infinity":5,"f:54:22:54:Infinity":3,"s:58:4:70:Infinity":6,"s:59:26:59:Infinity":7,"s:60:28:60:Infinity":8,"s:62:8:67:Infinity":9,"s:69:8:69:Infinity":10,"f:76:16:76:35":4,"b:77:4:79:Infinity:undefined:undefined:undefined:undefined":0,"s:77:4:79:Infinity":11,"s:78:8:78:Infinity":12,"s:80:4:80:Infinity":13,"s:86:27:86:Infinity":14,"s:91:27:91:Infinity":15,"f:96:16:96:37":5,"s:97:4:103:Infinity":16,"f:109:16:109:37":6,"s:110:4:116:Infinity":17,"f:122:16:122:44":7,"s:123:18:123:Infinity":18,"s:124:4:124:Infinity":19,"s:125:4:125:Infinity":20,"f:125:29:125:37":8,"s:125:37:125:71":21,"f:131:16:131:34":9,"b:132:4:134:Infinity:undefined:undefined:undefined:undefined":1,"s:132:4:134:Infinity":22,"b:132:8:132:24:132:24:132:38":2,"s:133:8:133:Infinity":23,"s:135:4:135:Infinity":24}}}
,"/home/runner/work/jasaweb/jasaweb/src/lib/bundle-analyzer.ts": {"path":"/home/runner/work/jasaweb/jasaweb/src/lib/bundle-analyzer.ts","statementMap":{"0":{"start":{"line":69,"column":61},"end":{"line":76,"column":null}},"1":{"start":{"line":86,"column":4},"end":{"line":86,"column":null}},"2":{"start":{"line":93,"column":20},"end":{"line":93,"column":null}},"3":{"start":{"line":94,"column":4},"end":{"line":94,"column":null}},"4":{"start":{"line":106,"column":20},"end":{"line":106,"column":null}},"5":{"start":{"line":107,"column":21},"end":{"line":107,"column":null}},"6":{"start":{"line":108,"column":18},"end":{"line":108,"column":null}},"7":{"start":{"line":109,"column":19},"end":{"line":109,"column":null}},"8":{"start":{"line":111,"column":4},"end":{"line":122,"column":null}},"9":{"start":{"line":127,"column":22},"end":{"line":127,"column":null}},"10":{"start":{"line":128,"column":21},"end":{"line":128,"column":null}},"11":{"start":{"line":129,"column":19},"end":{"line":131,"column":null}},"12":{"start":{"line":132,"column":25},"end":{"line":132,"column":null}},"13":{"start":{"line":134,"column":4},"end":{"line":140,"column":null}},"14":{"start":{"line":144,"column":19},"end":{"line":144,"column":null}},"15":{"start":{"line":145,"column":26},"end":{"line":147,"column":null}},"16":{"start":{"line":146,"column":44},"end":{"line":146,"column":59}},"17":{"start":{"line":149,"column":29},"end":{"line":149,"column":null}},"18":{"start":{"line":150,"column":31},"end":{"line":150,"column":null}},"19":{"start":{"line":151,"column":36},"end":{"line":151,"column":null}},"20":{"start":{"line":153,"column":4},"end":{"line":158,"column":null}},"21":{"start":{"line":162,"column":22},"end":{"line":162,"column":null}},"22":{"start":{"line":164,"column":4},"end":{"line":174,"column":null}},"23":{"start":{"line":165,"column":6},"end":{"line":173,"column":null}},"24":{"start":{"line":166,"column":8},"end":{"line":168,"column":null}},"25":{"start":{"line":167,"column":10},"end":{"line":167,"column":null}},"26":{"start":{"line":169,"column":21},"end":{"line":169,"column":null}},"27":{"start":{"line":170,"column":8},"end":{"line":170,"column":null}},"28":{"start":{"line":171,"column":8},"end":{"line":171,"column":null}},"29":{"start":{"line":172,"column":8},"end":{"line":172,"column":null}},"30":{"start":{"line":176,"column":4},"end":{"line":184,"column":null}},"31":{"start":{"line":177,"column":29},"end":{"line":177,"column":43}},"32":{"start":{"line":178,"column":30},"end":{"line":183,"column":8}},"33":{"start":{"line":184,"column":22},"end":{"line":184,"column":47}},"34":{"start":{"line":190,"column":4},"end":{"line":199,"column":null}},"35":{"start":{"line":203,"column":43},"end":{"line":203,"column":null}},"36":{"start":{"line":206,"column":4},"end":{"line":214,"column":null}},"37":{"start":{"line":207,"column":6},"end":{"line":213,"column":null}},"38":{"start":{"line":217,"column":22},"end":{"line":217,"column":null}},"39":{"start":{"line":218,"column":4},"end":{"line":226,"column":null}},"40":{"start":{"line":219,"column":6},"end":{"line":225,"column":null}},"41":{"start":{"line":229,"column":24},"end":{"line":231,"column":null}},"42":{"start":{"line":230,"column":6},"end":{"line":230,"column":null}},"43":{"start":{"line":233,"column":4},"end":{"line":241,"column":null}},"44":{"start":{"line":234,"column":6},"end":{"line":240,"column":null}},"45":{"start":{"line":244,"column":4},"end":{"line":252,"column":null}},"46":{"start":{"line":245,"column":6},"end":{"line":251,"column":null}},"47":{"start":{"line":254,"column":4},"end":{"line":254,"column":null}},"48":{"start":{"line":258,"column":16},"end":{"line":258,"column":null}},"49":{"start":{"line":261,"column":4},"end":{"line":263,"column":null}},"50":{"start":{"line":262,"column":6},"end":{"line":262,"column":null}},"51":{"start":{"line":266,"column":24},"end":{"line":268,"column":null}},"52":{"start":{"line":267,"column":6},"end":{"line":267,"column":null}},"53":{"start":{"line":269,"column":4},"end":{"line":269,"column":null}},"54":{"start":{"line":272,"column":29},"end":{"line":272,"column":null}},"55":{"start":{"line":273,"column":4},"end":{"line":277,"column":null}},"56":{"start":{"line":274,"column":6},"end":{"line":274,"column":null}},"57":{"start":{"line":275,"column":4},"end":{"line":277,"column":null}},"58":{"start":{"line":276,"column":6},"end":{"line":276,"column":null}},"59":{"start":{"line":279,"column":4},"end":{"line":279,"column":null}},"60":{"start":{"line":283,"column":4},"end":{"line":283,"column":null}},"61":{"start":{"line":283,"column":21},"end":{"line":283,"column":null}},"62":{"start":{"line":284,"column":4},"end":{"line":284,"column":null}},"63":{"start":{"line":284,"column":21},"end":{"line":284,"column":null}},"64":{"start":{"line":285,"column":4},"end":{"line":285,"column":null}},"65":{"start":{"line":285,"column":21},"end":{"line":285,"column":null}},"66":{"start":{"line":286,"column":4},"end":{"line":286,"column":null}},"67":{"start":{"line":295,"column":44},"end":{"line":295,"column":null}},"68":{"start":{"line":296,"column":42},"end":{"line":296,"column":null}},"69":{"start":{"line":297,"column":48},"end":{"line":297,"column":null}},"70":{"start":{"line":300,"column":4},"end":{"line":300,"column":null}},"71":{"start":{"line":308,"column":21},"end":{"line":308,"column":null}},"72":{"start":{"line":309,"column":16},"end":{"line":309,"column":null}},"73":{"start":{"line":311,"column":4},"end":{"line":315,"column":null}},"74":{"start":{"line":313,"column":6},"end":{"line":313,"column":null}},"75":{"start":{"line":314,"column":6},"end":{"line":314,"column":null}},"76":{"start":{"line":317,"column":19},"end":{"line":317,"column":null}},"77":{"start":{"line":319,"column":4},"end":{"line":322,"column":null}},"78":{"start":{"line":325,"column":4},"end":{"line":325,"column":null}},"79":{"start":{"line":326,"column":4},"end":{"line":326,"column":null}},"80":{"start":{"line":329,"column":32},"end":{"line":329,"column":null}},"81":{"start":{"line":329,"column":84},"end":{"line":329,"column":105}},"82":{"start":{"line":331,"column":4},"end":{"line":338,"column":null}},"83":{"start":{"line":332,"column":6},"end":{"line":332,"column":null}},"84":{"start":{"line":333,"column":6},"end":{"line":335,"column":null}},"85":{"start":{"line":334,"column":8},"end":{"line":334,"column":null}},"86":{"start":{"line":337,"column":6},"end":{"line":337,"column":null}},"87":{"start":{"line":353,"column":25},"end":{"line":353,"column":null}},"88":{"start":{"line":356,"column":24},"end":{"line":356,"column":null}},"89":{"start":{"line":357,"column":21},"end":{"line":357,"column":null}},"90":{"start":{"line":358,"column":25},"end":{"line":358,"column":null}},"91":{"start":{"line":360,"column":19},"end":{"line":362,"column":null}},"92":{"start":{"line":364,"column":28},"end":{"line":364,"column":null}},"93":{"start":{"line":366,"column":4},"end":{"line":378,"column":null}},"94":{"start":{"line":389,"column":25},"end":{"line":389,"column":null}},"95":{"start":{"line":390,"column":4},"end":{"line":396,"column":null}},"96":{"start":{"line":391,"column":6},"end":{"line":395,"column":null}},"97":{"start":{"line":398,"column":29},"end":{"line":398,"column":null}},"98":{"start":{"line":399,"column":31},"end":{"line":399,"column":null}},"99":{"start":{"line":402,"column":4},"end":{"line":404,"column":null}},"100":{"start":{"line":403,"column":6},"end":{"line":403,"column":null}},"101":{"start":{"line":407,"column":4},"end":{"line":409,"column":null}},"102":{"start":{"line":408,"column":6},"end":{"line":408,"column":null}},"103":{"start":{"line":411,"column":4},"end":{"line":415,"column":null}},"104":{"start":{"line":420,"column":42},"end":{"line":420,"column":null}}},"fnMap":{"0":{"name":"(anonymous_0)","decl":{"start":{"line":85,"column":2},"end":{"line":85,"column":14}},"loc":{"start":{"line":85,"column":50},"end":{"line":87,"column":null}},"line":85},"1":{"name":"(anonymous_1)","decl":{"start":{"line":92,"column":2},"end":{"line":92,"column":10}},"loc":{"start":{"line":92,"column":43},"end":{"line":95,"column":null}},"line":92},"2":{"name":"(anonymous_2)","decl":{"start":{"line":100,"column":2},"end":{"line":100,"column":23}},"loc":{"start":{"line":105,"column":4},"end":{"line":123,"column":null}},"line":105},"3":{"name":"(anonymous_3)","decl":{"start":{"line":125,"column":10},"end":{"line":125,"column":31}},"loc":{"start":{"line":125,"column":83},"end":{"line":141,"column":null}},"line":125},"4":{"name":"(anonymous_4)","decl":{"start":{"line":143,"column":10},"end":{"line":143,"column":32}},"loc":{"start":{"line":143,"column":72},"end":{"line":159,"column":null}},"line":143},"5":{"name":"(anonymous_5)","decl":{"start":{"line":146,"column":12},"end":{"line":146,"column":13}},"loc":{"start":{"line":146,"column":44},"end":{"line":146,"column":59}},"line":146},"6":{"name":"(anonymous_6)","decl":{"start":{"line":161,"column":10},"end":{"line":161,"column":31}},"loc":{"start":{"line":161,"column":71},"end":{"line":185,"column":null}},"line":161},"7":{"name":"(anonymous_7)","decl":{"start":{"line":164,"column":19},"end":{"line":164,"column":28}},"loc":{"start":{"line":164,"column":28},"end":{"line":174,"column":5}},"line":164},"8":{"name":"(anonymous_8)","decl":{"start":{"line":165,"column":28},"end":{"line":165,"column":38}},"loc":{"start":{"line":165,"column":38},"end":{"line":173,"column":7}},"line":165},"9":{"name":"(anonymous_9)","decl":{"start":{"line":177,"column":14},"end":{"line":177,"column":15}},"loc":{"start":{"line":177,"column":29},"end":{"line":177,"column":43}},"line":177},"10":{"name":"(anonymous_10)","decl":{"start":{"line":178,"column":11},"end":{"line":178,"column":12}},"loc":{"start":{"line":178,"column":30},"end":{"line":183,"column":8}},"line":178},"11":{"name":"(anonymous_11)","decl":{"start":{"line":184,"column":12},"end":{"line":184,"column":13}},"loc":{"start":{"line":184,"column":22},"end":{"line":184,"column":47}},"line":184},"12":{"name":"(anonymous_12)","decl":{"start":{"line":187,"column":10},"end":{"line":187,"column":33}},"loc":{"start":{"line":187,"column":76},"end":{"line":200,"column":null}},"line":187},"13":{"name":"(anonymous_13)","decl":{"start":{"line":202,"column":10},"end":{"line":202,"column":42}},"loc":{"start":{"line":202,"column":75},"end":{"line":255,"column":null}},"line":202},"14":{"name":"(anonymous_14)","decl":{"start":{"line":229,"column":47},"end":{"line":229,"column":48}},"loc":{"start":{"line":230,"column":6},"end":{"line":230,"column":null}},"line":230},"15":{"name":"(anonymous_15)","decl":{"start":{"line":257,"column":10},"end":{"line":257,"column":31}},"loc":{"start":{"line":257,"column":53},"end":{"line":280,"column":null}},"line":257},"16":{"name":"(anonymous_16)","decl":{"start":{"line":266,"column":47},"end":{"line":266,"column":48}},"loc":{"start":{"line":267,"column":6},"end":{"line":267,"column":null}},"line":267},"17":{"name":"(anonymous_17)","decl":{"start":{"line":282,"column":10},"end":{"line":282,"column":31}},"loc":{"start":{"line":282,"column":54},"end":{"line":287,"column":null}},"line":282},"18":{"name":"(anonymous_18)","decl":{"start":{"line":299,"column":2},"end":{"line":299,"column":16}},"loc":{"start":{"line":299,"column":16},"end":{"line":301,"column":null}},"line":299},"19":{"name":"(anonymous_19)","decl":{"start":{"line":306,"column":2},"end":{"line":306,"column":23}},"loc":{"start":{"line":306,"column":46},"end":{"line":339,"column":null}},"line":306},"20":{"name":"(anonymous_20)","decl":{"start":{"line":329,"column":79},"end":{"line":329,"column":84}},"loc":{"start":{"line":329,"column":84},"end":{"line":329,"column":105}},"line":329},"21":{"name":"(anonymous_21)","decl":{"start":{"line":333,"column":34},"end":{"line":333,"column":35}},"loc":{"start":{"line":333,"column":50},"end":{"line":335,"column":7}},"line":333},"22":{"name":"(anonymous_22)","decl":{"start":{"line":344,"column":2},"end":{"line":344,"column":null}},"loc":{"start":{"line":352,"column":4},"end":{"line":379,"column":null}},"line":352},"23":{"name":"(anonymous_23)","decl":{"start":{"line":384,"column":2},"end":{"line":384,"column":null}},"loc":{"start":{"line":388,"column":4},"end":{"line":416,"column":null}},"line":388}},"branchMap":{"0":{"loc":{"start":{"line":86,"column":22},"end":{"line":86,"column":null}},"type":"binary-expr","locations":[{"start":{"line":86,"column":22},"end":{"line":86,"column":36}},{"start":{"line":86,"column":36},"end":{"line":86,"column":null}}],"line":86},"1":{"loc":{"start":{"line":116,"column":20},"end":{"line":116,"column":null}},"type":"binary-expr","locations":[{"start":{"line":116,"column":20},"end":{"line":116,"column":46}},{"start":{"line":116,"column":46},"end":{"line":116,"column":null}}],"line":116},"2":{"loc":{"start":{"line":117,"column":25},"end":{"line":117,"column":null}},"type":"binary-expr","locations":[{"start":{"line":117,"column":25},"end":{"line":117,"column":57}},{"start":{"line":117,"column":57},"end":{"line":117,"column":null}}],"line":117},"3":{"loc":{"start":{"line":127,"column":22},"end":{"line":127,"column":null}},"type":"cond-expr","locations":[{"start":{"line":127,"column":65},"end":{"line":127,"column":88}},{"start":{"line":127,"column":88},"end":{"line":127,"column":null}}],"line":127},"4":{"loc":{"start":{"line":128,"column":21},"end":{"line":128,"column":null}},"type":"cond-expr","locations":[{"start":{"line":128,"column":63},"end":{"line":128,"column":85}},{"start":{"line":128,"column":85},"end":{"line":128,"column":null}}],"line":128},"5":{"loc":{"start":{"line":129,"column":19},"end":{"line":131,"column":null}},"type":"cond-expr","locations":[{"start":{"line":129,"column":54},"end":{"line":129,"column":89}},{"start":{"line":129,"column":89},"end":{"line":131,"column":null}}],"line":129},"6":{"loc":{"start":{"line":132,"column":25},"end":{"line":132,"column":null}},"type":"cond-expr","locations":[{"start":{"line":132,"column":66},"end":{"line":132,"column":112}},{"start":{"line":132,"column":112},"end":{"line":132,"column":null}}],"line":132},"7":{"loc":{"start":{"line":144,"column":19},"end":{"line":144,"column":null}},"type":"binary-expr","locations":[{"start":{"line":144,"column":19},"end":{"line":144,"column":37}},{"start":{"line":144,"column":37},"end":{"line":144,"column":null}}],"line":144},"8":{"loc":{"start":{"line":166,"column":8},"end":{"line":168,"column":null}},"type":"if","locations":[{"start":{"line":166,"column":8},"end":{"line":168,"column":null}},{"start":{},"end":{}}],"line":166},"9":{"loc":{"start":{"line":206,"column":4},"end":{"line":214,"column":null}},"type":"if","locations":[{"start":{"line":206,"column":4},"end":{"line":214,"column":null}},{"start":{},"end":{}}],"line":206},"10":{"loc":{"start":{"line":218,"column":4},"end":{"line":226,"column":null}},"type":"if","locations":[{"start":{"line":218,"column":4},"end":{"line":226,"column":null}},{"start":{},"end":{}}],"line":218},"11":{"loc":{"start":{"line":229,"column":24},"end":{"line":231,"column":null}},"type":"binary-expr","locations":[{"start":{"line":229,"column":24},"end":{"line":231,"column":9}},{"start":{"line":231,"column":9},"end":{"line":231,"column":null}}],"line":229},"12":{"loc":{"start":{"line":233,"column":4},"end":{"line":241,"column":null}},"type":"if","locations":[{"start":{"line":233,"column":4},"end":{"line":241,"column":null}},{"start":{},"end":{}}],"line":233},"13":{"loc":{"start":{"line":244,"column":4},"end":{"line":252,"column":null}},"type":"if","locations":[{"start":{"line":244,"column":4},"end":{"line":252,"column":null}},{"start":{},"end":{}}],"line":244},"14":{"loc":{"start":{"line":244,"column":8},"end":{"line":244,"column":61}},"type":"binary-expr","locations":[{"start":{"line":244,"column":8},"end":{"line":244,"column":43}},{"start":{"line":244,"column":43},"end":{"line":244,"column":61}}],"line":244},"15":{"loc":{"start":{"line":261,"column":4},"end":{"line":263,"column":null}},"type":"if","locations":[{"start":{"line":261,"column":4},"end":{"line":263,"column":null}},{"start":{},"end":{}}],"line":261},"16":{"loc":{"start":{"line":266,"column":24},"end":{"line":268,"column":null}},"type":"binary-expr","locations":[{"start":{"line":266,"column":24},"end":{"line":268,"column":16}},{"start":{"line":268,"column":16},"end":{"line":268,"column":null}}],"line":266},"17":{"loc":{"start":{"line":273,"column":4},"end":{"line":277,"column":null}},"type":"if","locations":[{"start":{"line":273,"column":4},"end":{"line":277,"column":null}},{"start":{"line":275,"column":4},"end":{"line":277,"column":null}}],"line":273},"18":{"loc":{"start":{"line":275,"column":4},"end":{"line":277,"column":null}},"type":"if","locations":[{"start":{"line":275,"column":4},"end":{"line":277,"column":null}},{"start":{},"end":{}}],"line":275},"19":{"loc":{"start":{"line":283,"column":4},"end":{"line":283,"column":null}},"type":"if","locations":[{"start":{"line":283,"column":4},"end":{"line":283,"column":null}},{"start":{},"end":{}}],"line":283},"20":{"loc":{"start":{"line":284,"column":4},"end":{"line":284,"column":null}},"type":"if","locations":[{"start":{"line":284,"column":4},"end":{"line":284,"column":null}},{"start":{},"end":{}}],"line":284},"21":{"loc":{"start":{"line":285,"column":4},"end":{"line":285,"column":null}},"type":"if","locations":[{"start":{"line":285,"column":4},"end":{"line":285,"column":null}},{"start":{},"end":{}}],"line":285},"22":{"loc":{"start":{"line":311,"column":4},"end":{"line":315,"column":null}},"type":"if","locations":[{"start":{"line":311,"column":4},"end":{"line":315,"column":null}},{"start":{},"end":{}}],"line":311},"23":{"loc":{"start":{"line":311,"column":8},"end":{"line":312,"column":51}},"type":"binary-expr","locations":[{"start":{"line":311,"column":8},"end":{"line":311,"column":null}},{"start":{"line":312,"column":8},"end":{"line":312,"column":51}}],"line":311},"24":{"loc":{"start":{"line":331,"column":4},"end":{"line":338,"column":null}},"type":"if","locations":[{"start":{"line":331,"column":4},"end":{"line":338,"column":null}},{"start":{"line":336,"column":11},"end":{"line":338,"column":null}}],"line":331},"25":{"loc":{"start":{"line":356,"column":24},"end":{"line":356,"column":null}},"type":"binary-expr","locations":[{"start":{"line":356,"column":24},"end":{"line":356,"column":47}},{"start":{"line":356,"column":47},"end":{"line":356,"column":null}}],"line":356},"26":{"loc":{"start":{"line":360,"column":19},"end":{"line":362,"column":null}},"type":"cond-expr","locations":[{"start":{"line":360,"column":40},"end":{"line":360,"column":null}},{"start":{"line":361,"column":18},"end":{"line":362,"column":null}}],"line":360},"27":{"loc":{"start":{"line":361,"column":18},"end":{"line":362,"column":null}},"type":"cond-expr","locations":[{"start":{"line":361,"column":39},"end":{"line":361,"column":null}},{"start":{"line":362,"column":18},"end":{"line":362,"column":null}}],"line":361},"28":{"loc":{"start":{"line":362,"column":18},"end":{"line":362,"column":null}},"type":"cond-expr","locations":[{"start":{"line":362,"column":39},"end":{"line":362,"column":48}},{"start":{"line":362,"column":48},"end":{"line":362,"column":null}}],"line":362},"29":{"loc":{"start":{"line":364,"column":28},"end":{"line":364,"column":null}},"type":"binary-expr","locations":[{"start":{"line":364,"column":28},"end":{"line":364,"column":79}},{"start":{"line":364,"column":79},"end":{"line":364,"column":null}}],"line":364},"30":{"loc":{"start":{"line":390,"column":4},"end":{"line":396,"column":null}},"type":"if","locations":[{"start":{"line":390,"column":4},"end":{"line":396,"column":null}},{"start":{},"end":{}}],"line":390},"31":{"loc":{"start":{"line":402,"column":4},"end":{"line":404,"column":null}},"type":"if","locations":[{"start":{"line":402,"column":4},"end":{"line":404,"column":null}},{"start":{},"end":{}}],"line":402},"32":{"loc":{"start":{"line":407,"column":4},"end":{"line":409,"column":null}},"type":"if","locations":[{"start":{"line":407,"column":4},"end":{"line":409,"column":null}},{"start":{},"end":{}}],"line":407}},"s":{"0":1,"1":1,"2":0,"3":0,"4":2,"5":2,"6":2,"7":2,"8":2,"9":2,"10":2,"11":2,"12":2,"13":2,"14":4,"15":4,"16":2,"17":4,"18":4,"19":4,"20":4,"21":4,"22":4,"23":6,"24":12,"25":12,"26":12,"27":12,"28":12,"29":12,"30":4,"31":12,"32":0,"33":0,"34":4,"35":4,"36":4,"37":0,"38":4,"39":4,"40":0,"41":4,"42":6,"43":4,"44":0,"45":4,"46":2,"47":4,"48":2,"49":2,"50":0,"51":2,"52":3,"53":2,"54":2,"55":2,"56":1,"57":1,"58":0,"59":2,"60":2,"61":2,"62":0,"63":0,"64":0,"65":0,"66":0,"67":1,"68":1,"69":1,"70":1,"71":2,"72":2,"73":2,"74":0,"75":0,"76":2,"77":2,"78":2,"79":2,"80":2,"81":1,"82":2,"83":0,"84":0,"85":0,"86":2,"87":2,"88":2,"89":2,"90":2,"91":2,"92":2,"93":2,"94":1,"95":1,"96":0,"97":1,"98":1,"99":1,"100":0,"101":1,"102":0,"103":1,"104":1},"f":{"0":1,"1":0,"2":2,"3":2,"4":4,"5":2,"6":4,"7":6,"8":12,"9":12,"10":0,"11":0,"12":4,"13":4,"14":6,"15":2,"16":3,"17":2,"18":1,"19":2,"20":1,"21":0,"22":2,"23":1},"b":{"0":[1,1],"1":[2,0],"2":[2,0],"3":[2,0],"4":[2,0],"5":[2,0],"6":[2,0],"7":[4,0],"8":[12,0],"9":[0,4],"10":[0,4],"11":[4,0],"12":[0,4],"13":[2,2],"14":[4,2],"15":[0,2],"16":[2,2],"17":[1,1],"18":[0,1],"19":[2,0],"20":[0,0],"21":[0,0],"22":[0,2],"23":[2,0],"24":[0,2],"25":[2,0],"26":[2,0],"27":[0,0],"28":[0,0],"29":[2,0],"30":[0,1],"31":[0,1],"32":[0,1]},"meta":{"lastBranch":33,"lastFunction":24,"lastStatement":105,"seen":{"s:69:61:76:Infinity":0,"f:85:2:85:14":0,"s:86:4:86:Infinity":1,"b:86:22:86:36:86:36:86:Infinity":0,"f:92:2:92:10":1,"s:93:20:93:Infinity":2,"s:94:4:94:Infinity":3,"f:100:2:100:23":2,"s:106:20:106:Infinity":4,"s:107:21:107:Infinity":5,"s:108:18:108:Infinity":6,"s:109:19:109:Infinity":7,"s:111:4:122:Infinity":8,"b:116:20:116:46:116:46:116:Infinity":1,"b:117:25:117:57:117:57:117:Infinity":2,"f:125:10:125:31":3,"s:127:22:127:Infinity":9,"b:127:65:127:88:127:88:127:Infinity":3,"s:128:21:128:Infinity":10,"b:128:63:128:85:128:85:128:Infinity":4,"s:129:19:131:Infinity":11,"b:129:54:129:89:129:89:131:Infinity":5,"s:132:25:132:Infinity":12,"b:132:66:132:112:132:112:132:Infinity":6,"s:134:4:140:Infinity":13,"f:143:10:143:32":4,"s:144:19:144:Infinity":14,"b:144:19:144:37:144:37:144:Infinity":7,"s:145:26:147:Infinity":15,"f:146:12:146:13":5,"s:146:44:146:59":16,"s:149:29:149:Infinity":17,"s:150:31:150:Infinity":18,"s:151:36:151:Infinity":19,"s:153:4:158:Infinity":20,"f:161:10:161:31":6,"s:162:22:162:Infinity":21,"s:164:4:174:Infinity":22,"f:164:19:164:28":7,"s:165:6:173:Infinity":23,"f:165:28:165:38":8,"b:166:8:168:Infinity:undefined:undefined:undefined:undefined":8,"s:166:8:168:Infinity":24,"s:167:10:167:Infinity":25,"s:169:21:169:Infinity":26,"s:170:8:170:Infinity":27,"s:171:8:171:Infinity":28,"s:172:8:172:Infinity":29,"s:176:4:184:Infinity":30,"f:177:14:177:15":9,"s:177:29:177:43":31,"f:178:11:178:12":10,"s:178:30:183:8":32,"f:184:12:184:13":11,"s:184:22:184:47":33,"f:187:10:187:33":12,"s:190:4:199:Infinity":34,"f:202:10:202:42":13,"s:203:43:203:Infinity":35,"b:206:4:214:Infinity:undefined:undefined:undefined:undefined":9,"s:206:4:214:Infinity":36,"s:207:6:213:Infinity":37,"s:217:22:217:Infinity":38,"b:218:4:226:Infinity:undefined:undefined:undefined:undefined":10,"s:218:4:226:Infinity":39,"s:219:6:225:Infinity":40,"s:229:24:231:Infinity":41,"b:229:24:231:9:231:9:231:Infinity":11,"f:229:47:229:48":14,"s:230:6:230:Infinity":42,"b:233:4:241:Infinity:undefined:undefined:undefined:undefined":12,"s:233:4:241:Infinity":43,"s:234:6:240:Infinity":44,"b:244:4:252:Infinity:undefined:undefined:undefined:undefined":13,"s:244:4:252:Infinity":45,"b:244:8:244:43:244:43:244:61":14,"s:245:6:251:Infinity":46,"s:254:4:254:Infinity":47,"f:257:10:257:31":15,"s:258:16:258:Infinity":48,"b:261:4:263:Infinity:undefined:undefined:undefined:undefined":15,"s:261:4:263:Infinity":49,"s:262:6:262:Infinity":50,"s:266:24:268:Infinity":51,"b:266:24:268:16:268:16:268:Infinity":16,"f:266:47:266:48":16,"s:267:6:267:Infinity":52,"s:269:4:269:Infinity":53,"s:272:29:272:Infinity":54,"b:273:4:277:Infinity:275:4:277:Infinity":17,"s:273:4:277:Infinity":55,"s:274:6:274:Infinity":56,"b:275:4:277:Infinity:undefined:undefined:undefined:undefined":18,"s:275:4:277:Infinity":57,"s:276:6:276:Infinity":58,"s:279:4:279:Infinity":59,"f:282:10:282:31":17,"b:283:4:283:Infinity:undefined:undefined:undefined:undefined":19,"s:283:4:283:Infinity":60,"s:283:21:283:Infinity":61,"b:284:4:284:Infinity:undefined:undefined:undefined:undefined":20,"s:284:4:284:Infinity":62,"s:284:21:284:Infinity":63,"b:285:4:285:Infinity:undefined:undefined:undefined:undefined":21,"s:285:4:285:Infinity":64,"s:285:21:285:Infinity":65,"s:286:4:286:Infinity":66,"s:295:44:295:Infinity":67,"s:296:42:296:Infinity":68,"s:297:48:297:Infinity":69,"f:299:2:299:16":18,"s:300:4:300:Infinity":70,"f:306:2:306:23":19,"s:308:21:308:Infinity":71,"s:309:16:309:Infinity":72,"b:311:4:315:Infinity:undefined:undefined:undefined:undefined":22,"s:311:4:315:Infinity":73,"b:311:8:311:Infinity:312:8:312:51":23,"s:313:6:313:Infinity":74,"s:314:6:314:Infinity":75,"s:317:19:317:Infinity":76,"s:319:4:322:Infinity":77,"s:325:4:325:Infinity":78,"s:326:4:326:Infinity":79,"s:329:32:329:Infinity":80,"f:329:79:329:84":20,"s:329:84:329:105":81,"b:331:4:338:Infinity:336:11:338:Infinity":24,"s:331:4:338:Infinity":82,"s:332:6:332:Infinity":83,"s:333:6:335:Infinity":84,"f:333:34:333:35":21,"s:334:8:334:Infinity":85,"s:337:6:337:Infinity":86,"f:344:2:344:Infinity":22,"s:353:25:353:Infinity":87,"s:356:24:356:Infinity":88,"b:356:24:356:47:356:47:356:Infinity":25,"s:357:21:357:Infinity":89,"s:358:25:358:Infinity":90,"s:360:19:362:Infinity":91,"b:360:40:360:Infinity:361:18:362:Infinity":26,"b:361:39:361:Infinity:362:18:362:Infinity":27,"b:362:39:362:48:362:48:362:Infinity":28,"s:364:28:364:Infinity":92,"b:364:28:364:79:364:79:364:Infinity":29,"s:366:4:378:Infinity":93,"f:384:2:384:Infinity":23,"s:389:25:389:Infinity":94,"b:390:4:396:Infinity:undefined:undefined:undefined:undefined":30,"s:390:4:396:Infinity":95,"s:391:6:395:Infinity":96,"s:398:29:398:Infinity":97,"s:399:31:399:Infinity":98,"b:402:4:404:Infinity:undefined:undefined:undefined:undefined":31,"s:402:4:404:Infinity":99,"s:403:6:403:Infinity":100,"b:407:4:409:Infinity:undefined:undefined:undefined:undefined":32,"s:407:4:409:Infinity":101,"s:408:6:408:Infinity":102,"s:411:4:415:Infinity":103,"s:420:42:420:Infinity":104}}}
,"/home/runner/work/jasaweb/jasaweb/src/lib/config.ts": {"path":"/home/runner/work/jasaweb/jasaweb/src/lib/config.ts","statementMap":{"0":{"start":{"line":27,"column":28},"end":{"line":78,"column":null}},"1":{"start":{"line":33,"column":30},"end":{"line":33,"column":null}},"2":{"start":{"line":41,"column":30},"end":{"line":41,"column":null}},"3":{"start":{"line":49,"column":30},"end":{"line":49,"column":null}},"4":{"start":{"line":57,"column":30},"end":{"line":57,"column":null}},"5":{"start":{"line":63,"column":30},"end":{"line":63,"column":null}},"6":{"start":{"line":69,"column":30},"end":{"line":69,"column":null}},"7":{"start":{"line":84,"column":4},"end":{"line":89,"column":null}},"8":{"start":{"line":85,"column":8},"end":{"line":88,"column":null}},"9":{"start":{"line":91,"column":4},"end":{"line":93,"column":null}},"10":{"start":{"line":92,"column":8},"end":{"line":92,"column":null}},"11":{"start":{"line":95,"column":4},"end":{"line":100,"column":null}},"12":{"start":{"line":96,"column":8},"end":{"line":99,"column":null}},"13":{"start":{"line":102,"column":4},"end":{"line":102,"column":null}},"14":{"start":{"line":110,"column":29},"end":{"line":110,"column":null}},"15":{"start":{"line":111,"column":31},"end":{"line":111,"column":null}},"16":{"start":{"line":113,"column":4},"end":{"line":137,"column":null}},"17":{"start":{"line":115,"column":22},"end":{"line":115,"column":null}},"18":{"start":{"line":118,"column":8},"end":{"line":121,"column":null}},"19":{"start":{"line":120,"column":13},"end":{"line":120,"column":null}},"20":{"start":{"line":123,"column":23},"end":{"line":123,"column":null}},"21":{"start":{"line":125,"column":8},"end":{"line":127,"column":null}},"22":{"start":{"line":126,"column":12},"end":{"line":126,"column":null}},"23":{"start":{"line":130,"column":8},"end":{"line":132,"column":null}},"24":{"start":{"line":131,"column":12},"end":{"line":131,"column":null}},"25":{"start":{"line":134,"column":8},"end":{"line":136,"column":null}},"26":{"start":{"line":135,"column":12},"end":{"line":135,"column":null}},"27":{"start":{"line":140,"column":25},"end":{"line":140,"column":null}},"28":{"start":{"line":142,"column":4},"end":{"line":155,"column":null}},"29":{"start":{"line":143,"column":31},"end":{"line":143,"column":null}},"30":{"start":{"line":144,"column":8},"end":{"line":149,"column":null}},"31":{"start":{"line":145,"column":29},"end":{"line":145,"column":null}},"32":{"start":{"line":146,"column":12},"end":{"line":148,"column":null}},"33":{"start":{"line":147,"column":16},"end":{"line":147,"column":null}},"34":{"start":{"line":152,"column":8},"end":{"line":154,"column":null}},"35":{"start":{"line":153,"column":13},"end":{"line":153,"column":null}},"36":{"start":{"line":158,"column":30},"end":{"line":158,"column":null}},"37":{"start":{"line":159,"column":33},"end":{"line":159,"column":null}},"38":{"start":{"line":161,"column":4},"end":{"line":169,"column":null}},"39":{"start":{"line":162,"column":29},"end":{"line":162,"column":null}},"40":{"start":{"line":163,"column":8},"end":{"line":165,"column":null}},"41":{"start":{"line":164,"column":12},"end":{"line":164,"column":null}},"42":{"start":{"line":166,"column":8},"end":{"line":168,"column":null}},"43":{"start":{"line":167,"column":12},"end":{"line":167,"column":null}},"44":{"start":{"line":171,"column":4},"end":{"line":175,"column":null}},"45":{"start":{"line":187,"column":21},"end":{"line":187,"column":null}},"46":{"start":{"line":188,"column":21},"end":{"line":188,"column":null}},"47":{"start":{"line":189,"column":17},"end":{"line":189,"column":null}},"48":{"start":{"line":191,"column":4},"end":{"line":196,"column":null}},"49":{"start":{"line":202,"column":26},"end":{"line":211,"column":null}},"50":{"start":{"line":216,"column":24},"end":{"line":221,"column":null}},"51":{"start":{"line":223,"column":27},"end":{"line":239,"column":null}},"52":{"start":{"line":247,"column":34},"end":{"line":252,"column":null}},"53":{"start":{"line":276,"column":58},"end":{"line":337,"column":null}},"54":{"start":{"line":340,"column":29},"end":{"line":340,"column":null}},"55":{"start":{"line":354,"column":4},"end":{"line":358,"column":null}},"56":{"start":{"line":362,"column":4},"end":{"line":362,"column":null}},"57":{"start":{"line":366,"column":46},"end":{"line":370,"column":null}},"58":{"start":{"line":371,"column":4},"end":{"line":371,"column":null}}},"fnMap":{"0":{"name":"(anonymous_0)","decl":{"start":{"line":33,"column":19},"end":{"line":33,"column":20}},"loc":{"start":{"line":33,"column":30},"end":{"line":33,"column":null}},"line":33},"1":{"name":"(anonymous_1)","decl":{"start":{"line":41,"column":19},"end":{"line":41,"column":20}},"loc":{"start":{"line":41,"column":30},"end":{"line":41,"column":null}},"line":41},"2":{"name":"(anonymous_2)","decl":{"start":{"line":49,"column":19},"end":{"line":49,"column":20}},"loc":{"start":{"line":49,"column":30},"end":{"line":49,"column":null}},"line":49},"3":{"name":"(anonymous_3)","decl":{"start":{"line":57,"column":19},"end":{"line":57,"column":20}},"loc":{"start":{"line":57,"column":30},"end":{"line":57,"column":null}},"line":57},"4":{"name":"(anonymous_4)","decl":{"start":{"line":63,"column":19},"end":{"line":63,"column":20}},"loc":{"start":{"line":63,"column":30},"end":{"line":63,"column":null}},"line":63},"5":{"name":"(anonymous_5)","decl":{"start":{"line":69,"column":19},"end":{"line":69,"column":20}},"loc":{"start":{"line":69,"column":30},"end":{"line":69,"column":null}},"line":69},"6":{"name":"validateEnvVar","decl":{"start":{"line":83,"column":9},"end":{"line":83,"column":24}},"loc":{"start":{"line":83,"column":104},"end":{"line":103,"column":null}},"line":83},"7":{"name":"validateEnvironment","decl":{"start":{"line":109,"column":16},"end":{"line":109,"column":36}},"loc":{"start":{"line":109,"column":91},"end":{"line":176,"column":null}},"line":109},"8":{"name":"getEnvironmentInfo","decl":{"start":{"line":181,"column":16},"end":{"line":181,"column":null}},"loc":{"start":{"line":186,"column":2},"end":{"line":197,"column":null}},"line":186},"9":{"name":"formatPrice","decl":{"start":{"line":353,"column":16},"end":{"line":353,"column":28}},"loc":{"start":{"line":353,"column":52},"end":{"line":359,"column":null}},"line":353},"10":{"name":"getServiceById","decl":{"start":{"line":361,"column":16},"end":{"line":361,"column":31}},"loc":{"start":{"line":361,"column":61},"end":{"line":363,"column":null}},"line":361},"11":{"name":"getCategoryLabel","decl":{"start":{"line":365,"column":16},"end":{"line":365,"column":33}},"loc":{"start":{"line":365,"column":62},"end":{"line":372,"column":null}},"line":365}},"branchMap":{"0":{"loc":{"start":{"line":41,"column":30},"end":{"line":41,"column":null}},"type":"binary-expr","locations":[{"start":{"line":41,"column":30},"end":{"line":41,"column":67}},{"start":{"line":41,"column":67},"end":{"line":41,"column":null}}],"line":41},"1":{"loc":{"start":{"line":57,"column":30},"end":{"line":57,"column":null}},"type":"binary-expr","locations":[{"start":{"line":57,"column":30},"end":{"line":57,"column":68}},{"start":{"line":57,"column":68},"end":{"line":57,"column":null}}],"line":57},"2":{"loc":{"start":{"line":63,"column":30},"end":{"line":63,"column":null}},"type":"binary-expr","locations":[{"start":{"line":63,"column":30},"end":{"line":63,"column":68}},{"start":{"line":63,"column":68},"end":{"line":63,"column":null}}],"line":63},"3":{"loc":{"start":{"line":84,"column":4},"end":{"line":89,"column":null}},"type":"if","locations":[{"start":{"line":84,"column":4},"end":{"line":89,"column":null}},{"start":{},"end":{}}],"line":84},"4":{"loc":{"start":{"line":84,"column":8},"end":{"line":84,"column":33}},"type":"binary-expr","locations":[{"start":{"line":84,"column":8},"end":{"line":84,"column":25}},{"start":{"line":84,"column":25},"end":{"line":84,"column":33}}],"line":84},"5":{"loc":{"start":{"line":91,"column":4},"end":{"line":93,"column":null}},"type":"if","locations":[{"start":{"line":91,"column":4},"end":{"line":93,"column":null}},{"start":{},"end":{}}],"line":91},"6":{"loc":{"start":{"line":91,"column":8},"end":{"line":91,"column":34}},"type":"binary-expr","locations":[{"start":{"line":91,"column":8},"end":{"line":91,"column":18}},{"start":{"line":91,"column":18},"end":{"line":91,"column":34}}],"line":91},"7":{"loc":{"start":{"line":95,"column":4},"end":{"line":100,"column":null}},"type":"if","locations":[{"start":{"line":95,"column":4},"end":{"line":100,"column":null}},{"start":{},"end":{}}],"line":95},"8":{"loc":{"start":{"line":95,"column":8},"end":{"line":95,"column":59}},"type":"binary-expr","locations":[{"start":{"line":95,"column":8},"end":{"line":95,"column":26}},{"start":{"line":95,"column":26},"end":{"line":95,"column":35}},{"start":{"line":95,"column":35},"end":{"line":95,"column":59}}],"line":95},"9":{"loc":{"start":{"line":115,"column":22},"end":{"line":115,"column":null}},"type":"binary-expr","locations":[{"start":{"line":115,"column":22},"end":{"line":115,"column":49}},{"start":{"line":115,"column":49},"end":{"line":115,"column":null}}],"line":115},"10":{"loc":{"start":{"line":118,"column":8},"end":{"line":121,"column":null}},"type":"if","locations":[{"start":{"line":118,"column":8},"end":{"line":121,"column":null}},{"start":{},"end":{}}],"line":118},"11":{"loc":{"start":{"line":118,"column":12},"end":{"line":118,"column":78}},"type":"binary-expr","locations":[{"start":{"line":118,"column":12},"end":{"line":118,"column":44}},{"start":{"line":118,"column":44},"end":{"line":118,"column":54}},{"start":{"line":118,"column":54},"end":{"line":118,"column":78}}],"line":118},"12":{"loc":{"start":{"line":125,"column":8},"end":{"line":127,"column":null}},"type":"if","locations":[{"start":{"line":125,"column":8},"end":{"line":127,"column":null}},{"start":{},"end":{}}],"line":125},"13":{"loc":{"start":{"line":130,"column":8},"end":{"line":132,"column":null}},"type":"if","locations":[{"start":{"line":130,"column":8},"end":{"line":132,"column":null}},{"start":{},"end":{}}],"line":130},"14":{"loc":{"start":{"line":130,"column":12},"end":{"line":130,"column":72}},"type":"binary-expr","locations":[{"start":{"line":130,"column":12},"end":{"line":130,"column":21}},{"start":{"line":130,"column":21},"end":{"line":130,"column":53}},{"start":{"line":130,"column":53},"end":{"line":130,"column":72}}],"line":130},"15":{"loc":{"start":{"line":134,"column":8},"end":{"line":136,"column":null}},"type":"if","locations":[{"start":{"line":134,"column":8},"end":{"line":136,"column":null}},{"start":{},"end":{}}],"line":134},"16":{"loc":{"start":{"line":134,"column":12},"end":{"line":134,"column":73}},"type":"binary-expr","locations":[{"start":{"line":134,"column":12},"end":{"line":134,"column":21}},{"start":{"line":134,"column":21},"end":{"line":134,"column":50}},{"start":{"line":134,"column":50},"end":{"line":134,"column":73}}],"line":134},"17":{"loc":{"start":{"line":142,"column":4},"end":{"line":155,"column":null}},"type":"if","locations":[{"start":{"line":142,"column":4},"end":{"line":155,"column":null}},{"start":{},"end":{}}],"line":142},"18":{"loc":{"start":{"line":145,"column":29},"end":{"line":145,"column":null}},"type":"binary-expr","locations":[{"start":{"line":145,"column":29},"end":{"line":145,"column":54}},{"start":{"line":145,"column":54},"end":{"line":145,"column":null}}],"line":145},"19":{"loc":{"start":{"line":146,"column":12},"end":{"line":148,"column":null}},"type":"if","locations":[{"start":{"line":146,"column":12},"end":{"line":148,"column":null}},{"start":{},"end":{}}],"line":146},"20":{"loc":{"start":{"line":152,"column":8},"end":{"line":154,"column":null}},"type":"if","locations":[{"start":{"line":152,"column":8},"end":{"line":154,"column":null}},{"start":{},"end":{}}],"line":152},"21":{"loc":{"start":{"line":152,"column":12},"end":{"line":152,"column":99}},"type":"binary-expr","locations":[{"start":{"line":152,"column":12},"end":{"line":152,"column":39}},{"start":{"line":152,"column":39},"end":{"line":152,"column":72}},{"start":{"line":152,"column":72},"end":{"line":152,"column":99}}],"line":152},"22":{"loc":{"start":{"line":161,"column":4},"end":{"line":169,"column":null}},"type":"if","locations":[{"start":{"line":161,"column":4},"end":{"line":169,"column":null}},{"start":{},"end":{}}],"line":161},"23":{"loc":{"start":{"line":163,"column":8},"end":{"line":165,"column":null}},"type":"if","locations":[{"start":{"line":163,"column":8},"end":{"line":165,"column":null}},{"start":{},"end":{}}],"line":163},"24":{"loc":{"start":{"line":163,"column":12},"end":{"line":163,"column":50}},"type":"binary-expr","locations":[{"start":{"line":163,"column":12},"end":{"line":163,"column":28}},{"start":{"line":163,"column":28},"end":{"line":163,"column":50}}],"line":163},"25":{"loc":{"start":{"line":166,"column":8},"end":{"line":168,"column":null}},"type":"if","locations":[{"start":{"line":166,"column":8},"end":{"line":168,"column":null}},{"start":{},"end":{}}],"line":166},"26":{"loc":{"start":{"line":166,"column":12},"end":{"line":166,"column":52}},"type":"binary-expr","locations":[{"start":{"line":166,"column":12},"end":{"line":166,"column":29}},{"start":{"line":166,"column":29},"end":{"line":166,"column":52}}],"line":166},"27":{"loc":{"start":{"line":187,"column":21},"end":{"line":187,"column":null}},"type":"cond-expr","locations":[{"start":{"line":187,"column":52},"end":{"line":187,"column":67}},{"start":{"line":187,"column":67},"end":{"line":187,"column":null}}],"line":187},"28":{"loc":{"start":{"line":188,"column":21},"end":{"line":188,"column":null}},"type":"cond-expr","locations":[{"start":{"line":188,"column":99},"end":{"line":188,"column":114}},{"start":{"line":188,"column":114},"end":{"line":188,"column":null}}],"line":188},"29":{"loc":{"start":{"line":188,"column":21},"end":{"line":188,"column":99}},"type":"binary-expr","locations":[{"start":{"line":188,"column":21},"end":{"line":188,"column":60}},{"start":{"line":188,"column":60},"end":{"line":188,"column":99}}],"line":188},"30":{"loc":{"start":{"line":189,"column":17},"end":{"line":189,"column":null}},"type":"cond-expr","locations":[{"start":{"line":189,"column":46},"end":{"line":189,"column":61}},{"start":{"line":189,"column":61},"end":{"line":189,"column":null}}],"line":189},"31":{"loc":{"start":{"line":192,"column":21},"end":{"line":192,"column":null}},"type":"binary-expr","locations":[{"start":{"line":192,"column":21},"end":{"line":192,"column":49}},{"start":{"line":192,"column":49},"end":{"line":192,"column":null}}],"line":192}},"s":{"0":2,"1":2,"2":0,"3":2,"4":2,"5":2,"6":0,"7":13,"8":1,"9":12,"10":4,"11":8,"12":0,"13":8,"14":2,"15":2,"16":2,"17":14,"18":14,"19":1,"20":13,"21":13,"22":1,"23":13,"24":0,"25":13,"26":0,"27":2,"28":2,"29":0,"30":0,"31":0,"32":0,"33":0,"34":0,"35":0,"36":2,"37":2,"38":2,"39":0,"40":0,"41":0,"42":0,"43":0,"44":2,"45":0,"46":0,"47":0,"48":0,"49":2,"50":2,"51":2,"52":2,"53":2,"54":2,"55":0,"56":0,"57":0,"58":0},"f":{"0":2,"1":0,"2":2,"3":2,"4":2,"5":0,"6":13,"7":2,"8":0,"9":0,"10":0,"11":0},"b":{"0":[0,0],"1":[2,0],"2":[2,0],"3":[1,12],"4":[13,7],"5":[4,8],"6":[12,4],"7":[0,8],"8":[8,8,8],"9":[14,8],"10":[1,13],"11":[14,2,2],"12":[1,12],"13":[0,13],"14":[13,8,2],"15":[0,13],"16":[13,8,4],"17":[0,2],"18":[0,0],"19":[0,0],"20":[0,0],"21":[0,0,0],"22":[0,2],"23":[0,0],"24":[0,0],"25":[0,0],"26":[0,0],"27":[0,0],"28":[0,0],"29":[0,0],"30":[0,0],"31":[0,0]},"meta":{"lastBranch":32,"lastFunction":12,"lastStatement":59,"seen":{"s:27:28:78:Infinity":0,"f:33:19:33:20":0,"s:33:30:33:Infinity":1,"f:41:19:41:20":1,"s:41:30:41:Infinity":2,"b:41:30:41:67:41:67:41:Infinity":0,"f:49:19:49:20":2,"s:49:30:49:Infinity":3,"f:57:19:57:20":3,"s:57:30:57:Infinity":4,"b:57:30:57:68:57:68:57:Infinity":1,"f:63:19:63:20":4,"s:63:30:63:Infinity":5,"b:63:30:63:68:63:68:63:Infinity":2,"f:69:19:69:20":5,"s:69:30:69:Infinity":6,"f:83:9:83:24":6,"b:84:4:89:Infinity:undefined:undefined:undefined:undefined":3,"s:84:4:89:Infinity":7,"b:84:8:84:25:84:25:84:33":4,"s:85:8:88:Infinity":8,"b:91:4:93:Infinity:undefined:undefined:undefined:undefined":5,"s:91:4:93:Infinity":9,"b:91:8:91:18:91:18:91:34":6,"s:92:8:92:Infinity":10,"b:95:4:100:Infinity:undefined:undefined:undefined:undefined":7,"s:95:4:100:Infinity":11,"b:95:8:95:26:95:26:95:35:95:35:95:59":8,"s:96:8:99:Infinity":12,"s:102:4:102:Infinity":13,"f:109:16:109:36":7,"s:110:29:110:Infinity":14,"s:111:31:111:Infinity":15,"s:113:4:137:Infinity":16,"s:115:22:115:Infinity":17,"b:115:22:115:49:115:49:115:Infinity":9,"b:118:8:121:Infinity:undefined:undefined:undefined:undefined":10,"s:118:8:121:Infinity":18,"b:118:12:118:44:118:44:118:54:118:54:118:78":11,"s:120:13:120:Infinity":19,"s:123:23:123:Infinity":20,"b:125:8:127:Infinity:undefined:undefined:undefined:undefined":12,"s:125:8:127:Infinity":21,"s:126:12:126:Infinity":22,"b:130:8:132:Infinity:undefined:undefined:undefined:undefined":13,"s:130:8:132:Infinity":23,"b:130:12:130:21:130:21:130:53:130:53:130:72":14,"s:131:12:131:Infinity":24,"b:134:8:136:Infinity:undefined:undefined:undefined:undefined":15,"s:134:8:136:Infinity":25,"b:134:12:134:21:134:21:134:50:134:50:134:73":16,"s:135:12:135:Infinity":26,"s:140:25:140:Infinity":27,"b:142:4:155:Infinity:undefined:undefined:undefined:undefined":17,"s:142:4:155:Infinity":28,"s:143:31:143:Infinity":29,"s:144:8:149:Infinity":30,"s:145:29:145:Infinity":31,"b:145:29:145:54:145:54:145:Infinity":18,"b:146:12:148:Infinity:undefined:undefined:undefined:undefined":19,"s:146:12:148:Infinity":32,"s:147:16:147:Infinity":33,"b:152:8:154:Infinity:undefined:undefined:undefined:undefined":20,"s:152:8:154:Infinity":34,"b:152:12:152:39:152:39:152:72:152:72:152:99":21,"s:153:13:153:Infinity":35,"s:158:30:158:Infinity":36,"s:159:33:159:Infinity":37,"b:161:4:169:Infinity:undefined:undefined:undefined:undefined":22,"s:161:4:169:Infinity":38,"s:162:29:162:Infinity":39,"b:163:8:165:Infinity:undefined:undefined:undefined:undefined":23,"s:163:8:165:Infinity":40,"b:163:12:163:28:163:28:163:50":24,"s:164:12:164:Infinity":41,"b:166:8:168:Infinity:undefined:undefined:undefined:undefined":25,"s:166:8:168:Infinity":42,"b:166:12:166:29:166:29:166:52":26,"s:167:12:167:Infinity":43,"s:171:4:175:Infinity":44,"f:181:16:181:Infinity":8,"s:187:21:187:Infinity":45,"b:187:52:187:67:187:67:187:Infinity":27,"s:188:21:188:Infinity":46,"b:188:99:188:114:188:114:188:Infinity":28,"b:188:21:188:60:188:60:188:99":29,"s:189:17:189:Infinity":47,"b:189:46:189:61:189:61:189:Infinity":30,"s:191:4:196:Infinity":48,"b:192:21:192:49:192:49:192:Infinity":31,"s:202:26:211:Infinity":49,"s:216:24:221:Infinity":50,"s:223:27:239:Infinity":51,"s:247:34:252:Infinity":52,"s:276:58:337:Infinity":53,"s:340:29:340:Infinity":54,"f:353:16:353:28":9,"s:354:4:358:Infinity":55,"f:361:16:361:31":10,"s:362:4:362:Infinity":56,"f:365:16:365:33":11,"s:366:46:370
[...]
:{"start":{"line":39,"column":46},"end":{"line":42,"column":null}},"line":39},"3":{"name":"(anonymous_3)","decl":{"start":{"line":47,"column":9},"end":{"line":47,"column":21}},"loc":{"start":{"line":47,"column":44},"end":{"line":49,"column":null}},"line":47},"4":{"name":"(anonymous_4)","decl":{"start":{"line":54,"column":9},"end":{"line":54,"column":26}},"loc":{"start":{"line":54,"column":85},"end":{"line":61,"column":null}},"line":54},"5":{"name":"(anonymous_5)","decl":{"start":{"line":66,"column":9},"end":{"line":66,"column":22}},"loc":{"start":{"line":66,"column":88},"end":{"line":109,"column":null}},"line":66},"6":{"name":"(anonymous_6)","decl":{"start":{"line":114,"column":9},"end":{"line":114,"column":19}},"loc":{"start":{"line":114,"column":58},"end":{"line":116,"column":null}},"line":114},"7":{"name":"(anonymous_7)","decl":{"start":{"line":121,"column":9},"end":{"line":121,"column":24}},"loc":{"start":{"line":121,"column":62},"end":{"line":124,"column":null}},"line":121},"8":{"name":"(anonymous_8)","decl":{"start":{"line":129,"column":17},"end":{"line":129,"column":31}},"loc":{"start":{"line":129,"column":54},"end":{"line":138,"column":null}},"line":129}},"branchMap":{"0":{"loc":{"start":{"line":56,"column":6},"end":{"line":58,"column":null}},"type":"if","locations":[{"start":{"line":56,"column":6},"end":{"line":58,"column":null}},{"start":{},"end":{}}],"line":56},"1":{"loc":{"start":{"line":56,"column":10},"end":{"line":56,"column":64}},"type":"binary-expr","locations":[{"start":{"line":56,"column":10},"end":{"line":56,"column":26}},{"start":{"line":56,"column":26},"end":{"line":56,"column":64}}],"line":56},"2":{"loc":{"start":{"line":66,"column":48},"end":{"line":66,"column":88}},"type":"default-arg","locations":[{"start":{"line":66,"column":59},"end":{"line":66,"column":88}}],"line":66},"3":{"loc":{"start":{"line":70,"column":4},"end":{"line":76,"column":null}},"type":"if","locations":[{"start":{"line":70,"column":4},"end":{"line":76,"column":null}},{"start":{"line":74,"column":4},"end":{"line":76,"column":null}}],"line":70},"4":{"loc":{"start":{"line":71,"column":6},"end":{"line":73,"column":null}},"type":"if","locations":[{"start":{"line":71,"column":6},"end":{"line":73,"column":null}},{"start":{},"end":{}}],"line":71},"5":{"loc":{"start":{"line":74,"column":4},"end":{"line":76,"column":null}},"type":"if","locations":[{"start":{"line":74,"column":4},"end":{"line":76,"column":null}},{"start":{},"end":{}}],"line":74},"6":{"loc":{"start":{"line":79,"column":4},"end":{"line":85,"column":null}},"type":"if","locations":[{"start":{"line":79,"column":4},"end":{"line":85,"column":null}},{"start":{"line":83,"column":4},"end":{"line":85,"column":null}}],"line":79},"7":{"loc":{"start":{"line":79,"column":8},"end":{"line":79,"column":36}},"type":"binary-expr","locations":[{"start":{"line":79,"column":8},"end":{"line":79,"column":25}},{"start":{"line":79,"column":25},"end":{"line":79,"column":36}}],"line":79},"8":{"loc":{"start":{"line":80,"column":6},"end":{"line":82,"column":null}},"type":"if","locations":[{"start":{"line":80,"column":6},"end":{"line":82,"column":null}},{"start":{},"end":{}}],"line":80},"9":{"loc":{"start":{"line":83,"column":4},"end":{"line":85,"column":null}},"type":"if","locations":[{"start":{"line":83,"column":4},"end":{"line":85,"column":null}},{"start":{},"end":{}}],"line":83},"10":{"loc":{"start":{"line":83,"column":15},"end":{"line":83,"column":44}},"type":"binary-expr","locations":[{"start":{"line":83,"column":15},"end":{"line":83,"column":33}},{"start":{"line":83,"column":33},"end":{"line":83,"column":44}}],"line":83},"11":{"loc":{"start":{"line":88,"column":4},"end":{"line":94,"column":null}},"type":"if","locations":[{"start":{"line":88,"column":4},"end":{"line":94,"column":null}},{"start":{"line":92,"column":4},"end":{"line":94,"column":null}}],"line":88},"12":{"loc":{"start":{"line":89,"column":6},"end":{"line":91,"column":null}},"type":"if","locations":[{"start":{"line":89,"column":6},"end":{"line":91,"column":null}},{"start":{},"end":{}}],"line":89},"13":{"loc":{"start":{"line":92,"column":4},"end":{"line":94,"column":null}},"type":"if","locations":[{"start":{"line":92,"column":4},"end":{"line":94,"column":null}},{"start":{},"end":{}}],"line":92},"14":{"loc":{"start":{"line":97,"column":4},"end":{"line":101,"column":null}},"type":"if","locations":[{"start":{"line":97,"column":4},"end":{"line":101,"column":null}},{"start":{},"end":{}}],"line":97},"15":{"loc":{"start":{"line":97,"column":8},"end":{"line":97,"column":48}},"type":"binary-expr","locations":[{"start":{"line":97,"column":8},"end":{"line":97,"column":22}},{"start":{"line":97,"column":22},"end":{"line":97,"column":48}}],"line":97},"16":{"loc":{"start":{"line":98,"column":6},"end":{"line":100,"column":null}},"type":"if","locations":[{"start":{"line":98,"column":6},"end":{"line":100,"column":null}},{"start":{},"end":{}}],"line":98},"17":{"loc":{"start":{"line":104,"column":4},"end":{"line":106,"column":null}},"type":"if","locations":[{"start":{"line":104,"column":4},"end":{"line":106,"column":null}},{"start":{},"end":{}}],"line":104},"18":{"loc":{"start":{"line":104,"column":8},"end":{"line":104,"column":51}},"type":"binary-expr","locations":[{"start":{"line":104,"column":8},"end":{"line":104,"column":21}},{"start":{"line":104,"column":21},"end":{"line":104,"column":51}}],"line":104},"19":{"loc":{"start":{"line":137,"column":11},"end":{"line":137,"column":null}},"type":"binary-expr","locations":[{"start":{"line":137,"column":11},"end":{"line":137,"column":28}},{"start":{"line":137,"column":28},"end":{"line":137,"column":null}}],"line":137}},"s":{"0":7,"1":7,"2":6,"3":0,"4":0,"5":0,"6":0,"7":0,"8":0,"9":0,"10":0,"11":0,"12":0,"13":0,"14":0,"15":0,"16":0,"17":0,"18":0,"19":0,"20":0,"21":0,"22":0,"23":0,"24":0,"25":0,"26":0,"27":0,"28":0,"29":0,"30":0,"31":0,"32":0,"33":0,"34":0,"35":0,"36":0},"f":{"0":1,"1":1,"2":1,"3":1,"4":1,"5":1,"6":1,"7":1,"8":1},"b":{"0":[0,0],"1":[0,0],"2":[0],"3":[0,0],"4":[0,0],"5":[0,0],"6":[0,0],"7":[0,0],"8":[0,0],"9":[0,0],"10":[0,0],"11":[0,0],"12":[0,0],"13":[0,0],"14":[0,0],"15":[0,0],"16":[0,0],"17":[0,0],"18":[0,0],"19":[0,0]},"meta":{"lastBranch":20,"lastFunction":9,"lastStatement":37,"seen":{"f:24:9:24:22":0,"s:25:23:25:Infinity":0,"s:26:4:26:Infinity":1,"f:32:9:32:25":1,"s:33:4:33:Infinity":2,"f:39:9:39:22":2,"s:40:23:40:Infinity":3,"s:41:4:41:Infinity":4,"f:47:9:47:21":3,"s:48:4:48:Infinity":5,"f:54:9:54:26":4,"s:55:4:59:Infinity":6,"b:56:6:58:Infinity:undefined:undefined:undefined:undefined":0,"s:56:6:58:Infinity":7,"b:56:10:56:26:56:26:56:64":1,"s:57:8:57:Infinity":8,"s:60:4:60:Infinity":9,"f:66:9:66:22":5,"b:66:59:66:88":2,"s:67:41:67:Infinity":10,"b:70:4:76:Infinity:74:4:76:Infinity":3,"s:70:4:76:Infinity":11,"b:71:6:73:Infinity:undefined:undefined:undefined:undefined":4,"s:71:6:73:Infinity":12,"s:72:8:72:Infinity":13,"b:74:4:76:Infinity:undefined:undefined:undefined:undefined":5,"s:74:4:76:Infinity":14,"s:75:6:75:Infinity":15,"b:79:4:85:Infinity:83:4:85:Infinity":6,"s:79:4:85:Infinity":16,"b:79:8:79:25:79:25:79:36":7,"b:80:6:82:Infinity:undefined:undefined:undefined:undefined":8,"s:80:6:82:Infinity":17,"s:81:8:81:Infinity":18,"b:83:4:85:Infinity:undefined:undefined:undefined:undefined":9,"s:83:4:85:Infinity":19,"b:83:15:83:33:83:33:83:44":10,"s:84:6:84:Infinity":20,"b:88:4:94:Infinity:92:4:94:Infinity":11,"s:88:4:94:Infinity":21,"b:89:6:91:Infinity:undefined:undefined:undefined:undefined":12,"s:89:6:91:Infinity":22,"s:90:8:90:Infinity":23,"b:92:4:94:Infinity:undefined:undefined:undefined:undefined":13,"s:92:4:94:Infinity":24,"s:93:6:93:Infinity":25,"b:97:4:101:Infinity:undefined:undefined:undefined:undefined":14,"s:97:4:101:Infinity":26,"b:97:8:97:22:97:22:97:48":15,"b:98:6:100:Infinity:undefined:undefined:undefined:undefined":16,"s:98:6:100:Infinity":27,"s:99:8:99:Infinity":28,"b:104:4:106:Infinity:undefined:undefined:undefined:undefined":17,"s:104:4:106:Infinity":29,"b:104:8:104:21:104:21:104:51":18,"s:105:6:105:Infinity":30,"s:108:4:108:Infinity":31,"f:114:9:114:19":6,"s:115:4:115:Infinity":32,"f:121:9:121:24":7,"s:122:21:122:Infinity":33,"s:123:4:123:Infinity":34,"f:129:17:129:31":8,"s:130:43:136:Infinity":35,"s:137:4:137:Infinity":36,"b:137:11:137:28:137:28:137:Infinity":19}}}
,"/home/runner/work/jasaweb/jasaweb/src/services/validation/ValidationService.ts": {"path":"/home/runner/work/jasaweb/jasaweb/src/services/validation/ValidationService.ts","statementMap":{"0":{"start":{"line":28,"column":4},"end":{"line":32,"column":null}},"1":{"start":{"line":29,"column":6},"end":{"line":31,"column":null}},"2":{"start":{"line":30,"column":8},"end":{"line":30,"column":null}},"3":{"start":{"line":33,"column":4},"end":{"line":33,"column":null}},"4":{"start":{"line":40,"column":19},"end":{"line":40,"column":null}},"5":{"start":{"line":42,"column":4},"end":{"line":47,"column":null}},"6":{"start":{"line":43,"column":6},"end":{"line":46,"column":null}},"7":{"start":{"line":49,"column":4},"end":{"line":49,"column":null}},"8":{"start":{"line":56,"column":19},"end":{"line":56,"column":null}},"9":{"start":{"line":58,"column":4},"end":{"line":63,"column":null}},"10":{"start":{"line":59,"column":6},"end":{"line":62,"column":null}},"11":{"start":{"line":65,"column":4},"end":{"line":65,"column":null}},"12":{"start":{"line":72,"column":4},"end":{"line":72,"column":null}},"13":{"start":{"line":79,"column":4},"end":{"line":79,"column":null}},"14":{"start":{"line":86,"column":4},"end":{"line":86,"column":null}},"15":{"start":{"line":93,"column":43},"end":{"line":104,"column":null}},"16":{"start":{"line":105,"column":4},"end":{"line":105,"column":null}},"17":{"start":{"line":119,"column":4},"end":{"line":124,"column":null}},"18":{"start":{"line":120,"column":27},"end":{"line":120,"column":null}},"19":{"start":{"line":121,"column":6},"end":{"line":123,"column":null}},"20":{"start":{"line":122,"column":8},"end":{"line":122,"column":null}},"21":{"start":{"line":127,"column":4},"end":{"line":131,"column":null}},"22":{"start":{"line":128,"column":6},"end":{"line":130,"column":null}},"23":{"start":{"line":129,"column":8},"end":{"line":129,"column":null}},"24":{"start":{"line":134,"column":4},"end":{"line":138,"column":null}},"25":{"start":{"line":135,"column":6},"end":{"line":137,"column":null}},"26":{"start":{"line":136,"column":8},"end":{"line":136,"column":null}},"27":{"start":{"line":141,"column":4},"end":{"line":151,"column":null}},"28":{"start":{"line":142,"column":6},"end":{"line":150,"column":null}},"29":{"start":{"line":143,"column":27},"end":{"line":143,"column":null}},"30":{"start":{"line":144,"column":8},"end":{"line":149,"column":null}},"31":{"start":{"line":145,"column":10},"end":{"line":148,"column":null}},"32":{"start":{"line":154,"column":4},"end":{"line":164,"column":null}},"33":{"start":{"line":155,"column":6},"end":{"line":163,"column":null}},"34":{"start":{"line":156,"column":27},"end":{"line":156,"column":null}},"35":{"start":{"line":157,"column":8},"end":{"line":162,"column":null}},"36":{"start":{"line":158,"column":10},"end":{"line":161,"column":null}},"37":{"start":{"line":166,"column":4},"end":{"line":166,"column":null}}},"fnMap":{"0":{"name":"(anonymous_0)","decl":{"start":{"line":27,"column":9},"end":{"line":27,"column":26}},"loc":{"start":{"line":27,"column":89},"end":{"line":34,"column":null}},"line":27},"1":{"name":"(anonymous_1)","decl":{"start":{"line":39,"column":9},"end":{"line":39,"column":22}},"loc":{"start":{"line":39,"column":85},"end":{"line":50,"column":null}},"line":39},"2":{"name":"(anonymous_2)","decl":{"start":{"line":55,"column":9},"end":{"line":55,"column":25}},"loc":{"start":{"line":55,"column":91},"end":{"line":66,"column":null}},"line":55},"3":{"name":"(anonymous_3)","decl":{"start":{"line":71,"column":9},"end":{"line":71,"column":22}},"loc":{"start":{"line":71,"column":46},"end":{"line":73,"column":null}},"line":71},"4":{"name":"(anonymous_4)","decl":{"start":{"line":78,"column":9},"end":{"line":78,"column":25}},"loc":{"start":{"line":78,"column":52},"end":{"line":80,"column":null}},"line":78},"5":{"name":"(anonymous_5)","decl":{"start":{"line":85,"column":9},"end":{"line":85,"column":20}},"loc":{"start":{"line":85,"column":42},"end":{"line":87,"column":null}},"line":85},"6":{"name":"(anonymous_6)","decl":{"start":{"line":92,"column":17},"end":{"line":92,"column":31}},"loc":{"start":{"line":92,"column":54},"end":{"line":106,"column":null}},"line":92},"7":{"name":"(anonymous_7)","decl":{"start":{"line":111,"column":9},"end":{"line":111,"column":24}},"loc":{"start":{"line":117,"column":24},"end":{"line":167,"column":null}},"line":117}},"branchMap":{"0":{"loc":{"start":{"line":29,"column":6},"end":{"line":31,"column":null}},"type":"if","locations":[{"start":{"line":29,"column":6},"end":{"line":31,"column":null}},{"start":{},"end":{}}],"line":29},"1":{"loc":{"start":{"line":29,"column":10},"end":{"line":29,"column":64}},"type":"binary-expr","locations":[{"start":{"line":29,"column":10},"end":{"line":29,"column":26}},{"start":{"line":29,"column":26},"end":{"line":29,"column":64}}],"line":29},"2":{"loc":{"start":{"line":39,"column":48},"end":{"line":39,"column":85}},"type":"default-arg","locations":[{"start":{"line":39,"column":59},"end":{"line":39,"column":85}}],"line":39},"3":{"loc":{"start":{"line":42,"column":4},"end":{"line":47,"column":null}},"type":"if","locations":[{"start":{"line":42,"column":4},"end":{"line":47,"column":null}},{"start":{},"end":{}}],"line":42},"4":{"loc":{"start":{"line":55,"column":54},"end":{"line":55,"column":91}},"type":"default-arg","locations":[{"start":{"line":55,"column":65},"end":{"line":55,"column":91}}],"line":55},"5":{"loc":{"start":{"line":58,"column":4},"end":{"line":63,"column":null}},"type":"if","locations":[{"start":{"line":58,"column":4},"end":{"line":63,"column":null}},{"start":{},"end":{}}],"line":58},"6":{"loc":{"start":{"line":105,"column":11},"end":{"line":105,"column":null}},"type":"binary-expr","locations":[{"start":{"line":105,"column":11},"end":{"line":105,"column":28}},{"start":{"line":105,"column":28},"end":{"line":105,"column":null}}],"line":105},"7":{"loc":{"start":{"line":119,"column":4},"end":{"line":124,"column":null}},"type":"if","locations":[{"start":{"line":119,"column":4},"end":{"line":124,"column":null}},{"start":{},"end":{}}],"line":119},"8":{"loc":{"start":{"line":121,"column":6},"end":{"line":123,"column":null}},"type":"if","locations":[{"start":{"line":121,"column":6},"end":{"line":123,"column":null}},{"start":{},"end":{}}],"line":121},"9":{"loc":{"start":{"line":127,"column":4},"end":{"line":131,"column":null}},"type":"if","locations":[{"start":{"line":127,"column":4},"end":{"line":131,"column":null}},{"start":{},"end":{}}],"line":127},"10":{"loc":{"start":{"line":127,"column":8},"end":{"line":127,"column":42}},"type":"binary-expr","locations":[{"start":{"line":127,"column":8},"end":{"line":127,"column":23}},{"start":{"line":127,"column":23},"end":{"line":127,"column":42}}],"line":127},"11":{"loc":{"start":{"line":128,"column":6},"end":{"line":130,"column":null}},"type":"if","locations":[{"start":{"line":128,"column":6},"end":{"line":130,"column":null}},{"start":{},"end":{}}],"line":128},"12":{"loc":{"start":{"line":134,"column":4},"end":{"line":138,"column":null}},"type":"if","locations":[{"start":{"line":134,"column":4},"end":{"line":138,"column":null}},{"start":{},"end":{}}],"line":134},"13":{"loc":{"start":{"line":134,"column":8},"end":{"line":134,"column":48}},"type":"binary-expr","locations":[{"start":{"line":134,"column":8},"end":{"line":134,"column":26}},{"start":{"line":134,"column":26},"end":{"line":134,"column":48}}],"line":134},"14":{"loc":{"start":{"line":135,"column":6},"end":{"line":137,"column":null}},"type":"if","locations":[{"start":{"line":135,"column":6},"end":{"line":137,"column":null}},{"start":{},"end":{}}],"line":135},"15":{"loc":{"start":{"line":141,"column":4},"end":{"line":151,"column":null}},"type":"if","locations":[{"start":{"line":141,"column":4},"end":{"line":151,"column":null}},{"start":{},"end":{}}],"line":141},"16":{"loc":{"start":{"line":144,"column":8},"end":{"line":149,"column":null}},"type":"if","locations":[{"start":{"line":144,"column":8},"end":{"line":149,"column":null}},{"start":{},"end":{}}],"line":144},"17":{"loc":{"start":{"line":144,"column":12},"end":{"line":144,"column":57}},"type":"binary-expr","locations":[{"start":{"line":144,"column":12},"end":{"line":144,"column":26}},{"start":{"line":144,"column":26},"end":{"line":144,"column":57}}],"line":144},"18":{"loc":{"start":{"line":154,"column":4},"end":{"line":164,"column":null}},"type":"if","locations":[{"start":{"line":154,"column":4},"end":{"line":164,"column":null}},{"start":{},"end":{}}],"line":154},"19":{"loc":{"start":{"line":157,"column":8},"end":{"line":162,"column":null}},"type":"if","locations":[{"start":{"line":157,"column":8},"end":{"line":162,"column":null}},{"start":{},"end":{}}],"line":157},"20":{"loc":{"start":{"line":157,"column":12},"end":{"line":157,"column":53}},"type":"binary-expr","locations":[{"start":{"line":157,"column":12},"end":{"line":157,"column":26}},{"start":{"line":157,"column":26},"end":{"line":157,"column":53}}],"line":157}},"s":{"0":8,"1":20,"2":1,"3":7,"4":0,"5":0,"6":0,"7":0,"8":0,"9":0,"10":0,"11":0,"12":0,"13":0,"14":0,"15":1,"16":1,"17":8,"18":8,"19":8,"20":1,"21":7,"22":7,"23":1,"24":6,"25":6,"26":1,"27":5,"28":2,"29":2,"30":2,"31":0,"32":5,"33":0,"34":0,"35":0,"36":0,"37":5},"f":{"0":1,"1":1,"2":1,"3":1,"4":1,"5":1,"6":1,"7":1},"b":{"0":[1,19],"1":[20,19],"2":[0],"3":[0,0],"4":[0],"5":[0,0],"6":[1,0],"7":[8,0],"8":[1,7],"9":[7,0],"10":[7,7],"11":[1,6],"12":[6,0],"13":[6,6],"14":[1,5],"15":[2,3],"16":[0,2],"17":[2,2],"18":[0,5],"19":[0,0],"20":[0,0]},"meta":{"lastBranch":21,"lastFunction":8,"lastStatement":38,"seen":{"f:27:9:27:26":0,"s:28:4:32:Infinity":0,"b:29:6:31:Infinity:undefined:undefined:undefined:undefined":0,"s:29:6:31:Infinity":1,"b:29:10:29:26:29:26:29:64":1,"s:30:8:30:Infinity":2,"s:33:4:33:Infinity":3,"f:39:9:39:22":1,"b:39:59:39:85":2,"s:40:19:40:Infinity":4,"b:42:4:47:Infinity:undefined:undefined:undefined:undefined":3,"s:42:4:47:Infinity":5,"s:43:6:46:Infinity":6,"s:49:4:49:Infinity":7,"f:55:9:55:25":2,"b:55:65:55:91":4,"s:56:19:56:Infinity":8,"b:58:4:63:Infinity:undefined:undefined:undefined:undefined":5,"s:58:4:63:Infinity":9,"s:59:6:62:Infinity":10,"s:65:4:65:Infinity":11,"f:71:9:71:22":3,"s:72:4:72:Infinity":12,"f:78:9:78:25":4,"s:79:4:79:Infinity":13,"f:85:9:85:20":5,"s:86:4:86:Infinity":14,"f:92:17:92:31":6,"s:93:43:104:Infinity":15,"s:105:4:105:Infinity":16,"b:105:11:105:28:105:28:105:Infinity":6,"f:111:9:111:24":7,"b:119:4:124:Infinity:undefined:undefined:undefined:undefined":7,"s:119:4:124:Infinity":17,"s:120:27:120:Infinity":18,"b:121:6:123:Infinity:undefined:undefined:undefined:undefined":8,"s:121:6:123:Infinity":19,"s:122:8:122:Infinity":20,"b:127:4:131:Infinity:undefined:undefined:undefined:undefined":9,"s:127:4:131:Infinity":21,"b:127:8:127:23:127:23:127:42":10,"b:128:6:130:Infinity:undefined:undefined:undefined:undefined":11,"s:128:6:130:Infinity":22,"s:129:8:129:Infinity":23,"b:134:4:138:Infinity:undefined:undefined:undefined:undefined":12,"s:134:4:138:Infinity":24,"b:134:8:134:26:134:26:134:48":13,"b:135:6:137:Infinity:undefined:undefined:undefined:undefined":14,"s:135:6:137:Infinity":25,"s:136:8:136:Infinity":26,"b:141:4:151:Infinity:undefined:undefined:undefined:undefined":15,"s:141:4:151:Infinity":27,"s:142:6:150:Infinity":28,"s:143:27:143:Infinity":29,"b:144:8:149:Infinity:undefined:undefined:undefined:undefined":16,"s:144:8:149:Infinity":30,"b:144:12:144:26:144:26:144:57":17,"s:145:10:148:Infinity":31,"b:154:4:164:Infinity:undefined:undefined:undefined:undefined":18,"s:154:4:164:Infinity":32,"s:155:6:163:Infinity":33,"s:156:27:156:Infinity":34,"b:157:8:162:Infinity:undefined:undefined:undefined:undefined":19,"s:157:8:162:Infinity":35,"b:157:12:157:26:157:26:157:53":20,"s:158:10:161:Infinity":36,"s:166:4:166:Infinity":37}}}
}
